{"/Users/kwon-ohhyun/Desktop/AllFormU-frontEnd/src/App.tsx": {"path":"/Users/kwon-ohhyun/Desktop/AllFormU-frontEnd/src/App.tsx","statementMap":{"0":{"start":{"line":24,"column":20},"end":{"line":24,"column":37}},"1":{"start":{"line":27,"column":2},"end":{"line":54,"column":4}}},"fnMap":{"0":{"name":"App","decl":{"start":{"line":26,"column":9},"end":{"line":26,"column":12}},"loc":{"start":{"line":26,"column":15},"end":{"line":55,"column":1}},"line":26}},"branchMap":{},"s":{"0":0,"1":0},"f":{"0":0},"b":{}}
,"/Users/kwon-ohhyun/Desktop/AllFormU-frontEnd/src/index.tsx": {"path":"/Users/kwon-ohhyun/Desktop/AllFormU-frontEnd/src/index.tsx","statementMap":{"0":{"start":{"line":7,"column":13},"end":{"line":7,"column":80}},"1":{"start":{"line":8,"column":0},"end":{"line":8,"column":21}},"2":{"start":{"line":13,"column":0},"end":{"line":13,"column":18}}},"fnMap":{},"branchMap":{},"s":{"0":0,"1":0,"2":0},"f":{},"b":{}}
,"/Users/kwon-ohhyun/Desktop/AllFormU-frontEnd/src/reportWebVitals.ts": {"path":"/Users/kwon-ohhyun/Desktop/AllFormU-frontEnd/src/reportWebVitals.ts","statementMap":{"0":{"start":{"line":3,"column":24},"end":{"line":13,"column":1}},"1":{"start":{"line":4,"column":2},"end":{"line":12,"column":3}},"2":{"start":{"line":5,"column":4},"end":{"line":11,"column":7}},"3":{"start":{"line":6,"column":6},"end":{"line":6,"column":26}},"4":{"start":{"line":7,"column":6},"end":{"line":7,"column":26}},"5":{"start":{"line":8,"column":6},"end":{"line":8,"column":26}},"6":{"start":{"line":9,"column":6},"end":{"line":9,"column":26}},"7":{"start":{"line":10,"column":6},"end":{"line":10,"column":27}}},"fnMap":{"0":{"name":"(anonymous_0)","decl":{"start":{"line":3,"column":24},"end":{"line":3,"column":25}},"loc":{"start":{"line":3,"column":57},"end":{"line":13,"column":1}},"line":3},"1":{"name":"(anonymous_1)","decl":{"start":{"line":5,"column":30},"end":{"line":5,"column":31}},"loc":{"start":{"line":5,"column":79},"end":{"line":11,"column":5}},"line":5}},"branchMap":{"0":{"loc":{"start":{"line":4,"column":2},"end":{"line":12,"column":3}},"type":"if","locations":[{"start":{"line":4,"column":2},"end":{"line":12,"column":3}},{"start":{},"end":{}}],"line":4},"1":{"loc":{"start":{"line":4,"column":6},"end":{"line":4,"column":52}},"type":"binary-expr","locations":[{"start":{"line":4,"column":6},"end":{"line":4,"column":17}},{"start":{"line":4,"column":21},"end":{"line":4,"column":52}}],"line":4}},"s":{"0":0,"1":0,"2":0,"3":0,"4":0,"5":0,"6":0,"7":0},"f":{"0":0,"1":0},"b":{"0":[0,0],"1":[0,0]}}
,"/Users/kwon-ohhyun/Desktop/AllFormU-frontEnd/src/api/editForm.ts": {"path":"/Users/kwon-ohhyun/Desktop/AllFormU-frontEnd/src/api/editForm.ts","statementMap":{"0":{"start":{"line":3,"column":28},"end":{"line":10,"column":39}},"1":{"start":{"line":4,"column":2},"end":{"line":10,"column":39}},"2":{"start":{"line":9,"column":19},"end":{"line":9,"column":27}},"3":{"start":{"line":10,"column":20},"end":{"line":10,"column":38}},"4":{"start":{"line":12,"column":25},"end":{"line":18,"column":1}},"5":{"start":{"line":13,"column":2},"end":{"line":17,"column":3}},"6":{"start":{"line":14,"column":4},"end":{"line":14,"column":76}},"7":{"start":{"line":16,"column":4},"end":{"line":16,"column":25}},"8":{"start":{"line":20,"column":32},"end":{"line":35,"column":1}},"9":{"start":{"line":27,"column":2},"end":{"line":34,"column":3}},"10":{"start":{"line":28,"column":4},"end":{"line":31,"column":7}},"11":{"start":{"line":33,"column":4},"end":{"line":33,"column":25}},"12":{"start":{"line":37,"column":29},"end":{"line":45,"column":1}},"13":{"start":{"line":38,"column":2},"end":{"line":44,"column":3}},"14":{"start":{"line":39,"column":4},"end":{"line":41,"column":7}},"15":{"start":{"line":43,"column":4},"end":{"line":43,"column":25}},"16":{"start":{"line":47,"column":29},"end":{"line":53,"column":1}},"17":{"start":{"line":48,"column":2},"end":{"line":52,"column":3}},"18":{"start":{"line":49,"column":4},"end":{"line":49,"column":62}},"19":{"start":{"line":51,"column":4},"end":{"line":51,"column":25}},"20":{"start":{"line":55,"column":26},"end":{"line":66,"column":1}},"21":{"start":{"line":56,"column":2},"end":{"line":65,"column":3}},"22":{"start":{"line":57,"column":39},"end":{"line":57,"column":43}},"23":{"start":{"line":58,"column":25},"end":{"line":58,"column":93}},"24":{"start":{"line":60,"column":4},"end":{"line":60,"column":58}},"25":{"start":{"line":60,"column":16},"end":{"line":60,"column":58}},"26":{"start":{"line":62,"column":4},"end":{"line":62,"column":29}},"27":{"start":{"line":64,"column":4},"end":{"line":64,"column":25}}},"fnMap":{"0":{"name":"(anonymous_0)","decl":{"start":{"line":3,"column":28},"end":{"line":3,"column":29}},"loc":{"start":{"line":4,"column":2},"end":{"line":10,"column":39}},"line":4},"1":{"name":"(anonymous_1)","decl":{"start":{"line":9,"column":10},"end":{"line":9,"column":11}},"loc":{"start":{"line":9,"column":19},"end":{"line":9,"column":27}},"line":9},"2":{"name":"(anonymous_2)","decl":{"start":{"line":10,"column":11},"end":{"line":10,"column":12}},"loc":{"start":{"line":10,"column":20},"end":{"line":10,"column":38}},"line":10},"3":{"name":"(anonymous_3)","decl":{"start":{"line":12,"column":25},"end":{"line":12,"column":26}},"loc":{"start":{"line":12,"column":66},"end":{"line":18,"column":1}},"line":12},"4":{"name":"(anonymous_4)","decl":{"start":{"line":20,"column":32},"end":{"line":20,"column":33}},"loc":{"start":{"line":26,"column":5},"end":{"line":35,"column":1}},"line":26},"5":{"name":"(anonymous_5)","decl":{"start":{"line":37,"column":29},"end":{"line":37,"column":30}},"loc":{"start":{"line":37,"column":87},"end":{"line":45,"column":1}},"line":37},"6":{"name":"(anonymous_6)","decl":{"start":{"line":47,"column":29},"end":{"line":47,"column":30}},"loc":{"start":{"line":47,"column":54},"end":{"line":53,"column":1}},"line":47},"7":{"name":"(anonymous_7)","decl":{"start":{"line":55,"column":26},"end":{"line":55,"column":27}},"loc":{"start":{"line":55,"column":96},"end":{"line":66,"column":1}},"line":55}},"branchMap":{"0":{"loc":{"start":{"line":60,"column":4},"end":{"line":60,"column":58}},"type":"if","locations":[{"start":{"line":60,"column":4},"end":{"line":60,"column":58}},{"start":{},"end":{}}],"line":60}},"s":{"0":1,"1":0,"2":0,"3":0,"4":1,"5":0,"6":0,"7":0,"8":1,"9":0,"10":0,"11":0,"12":1,"13":0,"14":0,"15":0,"16":1,"17":0,"18":0,"19":0,"20":1,"21":0,"22":0,"23":0,"24":0,"25":0,"26":0,"27":0},"f":{"0":0,"1":0,"2":0,"3":0,"4":0,"5":0,"6":0,"7":0},"b":{"0":[0,0]},"_coverageSchema":"1a1c01bbd47fc00a2c39e90264f33305004495a9","hash":"de1fcf65359f21beac2395fafe35eacb5596526d"}
,"/Users/kwon-ohhyun/Desktop/AllFormU-frontEnd/src/api/getFormInfo.ts": {"path":"/Users/kwon-ohhyun/Desktop/AllFormU-frontEnd/src/api/getFormInfo.ts","statementMap":{"0":{"start":{"line":3,"column":28},"end":{"line":9,"column":39}},"1":{"start":{"line":4,"column":2},"end":{"line":9,"column":39}},"2":{"start":{"line":7,"column":6},"end":{"line":7,"column":22}},"3":{"start":{"line":9,"column":20},"end":{"line":9,"column":38}},"4":{"start":{"line":11,"column":26},"end":{"line":15,"column":39}},"5":{"start":{"line":12,"column":2},"end":{"line":15,"column":39}},"6":{"start":{"line":14,"column":19},"end":{"line":14,"column":36}},"7":{"start":{"line":15,"column":20},"end":{"line":15,"column":38}},"8":{"start":{"line":17,"column":27},"end":{"line":21,"column":39}},"9":{"start":{"line":18,"column":2},"end":{"line":21,"column":39}},"10":{"start":{"line":20,"column":19},"end":{"line":20,"column":27}},"11":{"start":{"line":21,"column":20},"end":{"line":21,"column":38}}},"fnMap":{"0":{"name":"(anonymous_0)","decl":{"start":{"line":3,"column":28},"end":{"line":3,"column":29}},"loc":{"start":{"line":4,"column":2},"end":{"line":9,"column":39}},"line":4},"1":{"name":"(anonymous_1)","decl":{"start":{"line":6,"column":10},"end":{"line":6,"column":11}},"loc":{"start":{"line":6,"column":19},"end":{"line":8,"column":5}},"line":6},"2":{"name":"(anonymous_2)","decl":{"start":{"line":9,"column":11},"end":{"line":9,"column":12}},"loc":{"start":{"line":9,"column":20},"end":{"line":9,"column":38}},"line":9},"3":{"name":"(anonymous_3)","decl":{"start":{"line":11,"column":26},"end":{"line":11,"column":27}},"loc":{"start":{"line":12,"column":2},"end":{"line":15,"column":39}},"line":12},"4":{"name":"(anonymous_4)","decl":{"start":{"line":14,"column":10},"end":{"line":14,"column":11}},"loc":{"start":{"line":14,"column":19},"end":{"line":14,"column":36}},"line":14},"5":{"name":"(anonymous_5)","decl":{"start":{"line":15,"column":11},"end":{"line":15,"column":12}},"loc":{"start":{"line":15,"column":20},"end":{"line":15,"column":38}},"line":15},"6":{"name":"(anonymous_6)","decl":{"start":{"line":17,"column":27},"end":{"line":17,"column":28}},"loc":{"start":{"line":18,"column":2},"end":{"line":21,"column":39}},"line":18},"7":{"name":"(anonymous_7)","decl":{"start":{"line":20,"column":10},"end":{"line":20,"column":11}},"loc":{"start":{"line":20,"column":19},"end":{"line":20,"column":27}},"line":20},"8":{"name":"(anonymous_8)","decl":{"start":{"line":21,"column":11},"end":{"line":21,"column":12}},"loc":{"start":{"line":21,"column":20},"end":{"line":21,"column":38}},"line":21}},"branchMap":{},"s":{"0":0,"1":0,"2":0,"3":0,"4":0,"5":0,"6":0,"7":0,"8":0,"9":0,"10":0,"11":0},"f":{"0":0,"1":0,"2":0,"3":0,"4":0,"5":0,"6":0,"7":0,"8":0},"b":{}}
,"/Users/kwon-ohhyun/Desktop/AllFormU-frontEnd/src/api/makeform.ts": {"path":"/Users/kwon-ohhyun/Desktop/AllFormU-frontEnd/src/api/makeform.ts","statementMap":{"0":{"start":{"line":4,"column":26},"end":{"line":8,"column":39}},"1":{"start":{"line":5,"column":2},"end":{"line":8,"column":39}},"2":{"start":{"line":7,"column":19},"end":{"line":7,"column":27}},"3":{"start":{"line":8,"column":20},"end":{"line":8,"column":38}}},"fnMap":{"0":{"name":"(anonymous_0)","decl":{"start":{"line":4,"column":26},"end":{"line":4,"column":27}},"loc":{"start":{"line":5,"column":2},"end":{"line":8,"column":39}},"line":5},"1":{"name":"(anonymous_1)","decl":{"start":{"line":7,"column":10},"end":{"line":7,"column":11}},"loc":{"start":{"line":7,"column":19},"end":{"line":7,"column":27}},"line":7},"2":{"name":"(anonymous_2)","decl":{"start":{"line":8,"column":11},"end":{"line":8,"column":12}},"loc":{"start":{"line":8,"column":20},"end":{"line":8,"column":38}},"line":8}},"branchMap":{},"s":{"0":0,"1":0,"2":0,"3":0},"f":{"0":0,"1":0,"2":0},"b":{}}
,"/Users/kwon-ohhyun/Desktop/AllFormU-frontEnd/src/api/user.ts": {"path":"/Users/kwon-ohhyun/Desktop/AllFormU-frontEnd/src/api/user.ts","statementMap":{"0":{"start":{"line":5,"column":26},"end":{"line":14,"column":1}},"1":{"start":{"line":6,"column":2},"end":{"line":13,"column":3}},"2":{"start":{"line":7,"column":21},"end":{"line":7,"column":77}},"3":{"start":{"line":8,"column":4},"end":{"line":8,"column":31}},"4":{"start":{"line":9,"column":4},"end":{"line":9,"column":25}},"5":{"start":{"line":11,"column":4},"end":{"line":11,"column":25}},"6":{"start":{"line":12,"column":4},"end":{"line":12,"column":16}},"7":{"start":{"line":17,"column":29},"end":{"line":26,"column":1}},"8":{"start":{"line":18,"column":2},"end":{"line":25,"column":3}},"9":{"start":{"line":19,"column":21},"end":{"line":19,"column":71}},"10":{"start":{"line":20,"column":4},"end":{"line":20,"column":31}},"11":{"start":{"line":21,"column":4},"end":{"line":21,"column":25}},"12":{"start":{"line":23,"column":4},"end":{"line":23,"column":25}},"13":{"start":{"line":24,"column":4},"end":{"line":24,"column":16}},"14":{"start":{"line":29,"column":22},"end":{"line":38,"column":1}},"15":{"start":{"line":30,"column":2},"end":{"line":37,"column":3}},"16":{"start":{"line":31,"column":21},"end":{"line":31,"column":63}},"17":{"start":{"line":32,"column":4},"end":{"line":32,"column":31}},"18":{"start":{"line":33,"column":4},"end":{"line":33,"column":25}},"19":{"start":{"line":35,"column":4},"end":{"line":35,"column":25}},"20":{"start":{"line":36,"column":4},"end":{"line":36,"column":16}},"21":{"start":{"line":41,"column":22},"end":{"line":50,"column":1}},"22":{"start":{"line":42,"column":2},"end":{"line":49,"column":3}},"23":{"start":{"line":43,"column":21},"end":{"line":43,"column":54}},"24":{"start":{"line":44,"column":4},"end":{"line":44,"column":31}},"25":{"start":{"line":45,"column":4},"end":{"line":45,"column":25}},"26":{"start":{"line":47,"column":4},"end":{"line":47,"column":25}},"27":{"start":{"line":48,"column":4},"end":{"line":48,"column":16}},"28":{"start":{"line":53,"column":30},"end":{"line":62,"column":1}},"29":{"start":{"line":54,"column":2},"end":{"line":61,"column":3}},"30":{"start":{"line":55,"column":21},"end":{"line":55,"column":71}},"31":{"start":{"line":56,"column":4},"end":{"line":56,"column":31}},"32":{"start":{"line":57,"column":4},"end":{"line":57,"column":25}},"33":{"start":{"line":59,"column":4},"end":{"line":59,"column":25}},"34":{"start":{"line":60,"column":4},"end":{"line":60,"column":16}},"35":{"start":{"line":65,"column":25},"end":{"line":74,"column":1}},"36":{"start":{"line":66,"column":2},"end":{"line":73,"column":3}},"37":{"start":{"line":67,"column":21},"end":{"line":67,"column":71}},"38":{"start":{"line":68,"column":4},"end":{"line":68,"column":31}},"39":{"start":{"line":69,"column":4},"end":{"line":69,"column":25}},"40":{"start":{"line":71,"column":4},"end":{"line":71,"column":25}},"41":{"start":{"line":72,"column":4},"end":{"line":72,"column":16}},"42":{"start":{"line":77,"column":26},"end":{"line":86,"column":1}},"43":{"start":{"line":78,"column":2},"end":{"line":85,"column":3}},"44":{"start":{"line":79,"column":21},"end":{"line":79,"column":63}},"45":{"start":{"line":80,"column":4},"end":{"line":80,"column":31}},"46":{"start":{"line":81,"column":4},"end":{"line":81,"column":25}},"47":{"start":{"line":83,"column":4},"end":{"line":83,"column":25}},"48":{"start":{"line":84,"column":4},"end":{"line":84,"column":16}},"49":{"start":{"line":89,"column":29},"end":{"line":98,"column":1}},"50":{"start":{"line":90,"column":2},"end":{"line":97,"column":3}},"51":{"start":{"line":91,"column":21},"end":{"line":91,"column":66}},"52":{"start":{"line":92,"column":4},"end":{"line":92,"column":31}},"53":{"start":{"line":93,"column":4},"end":{"line":93,"column":25}},"54":{"start":{"line":95,"column":4},"end":{"line":95,"column":25}},"55":{"start":{"line":96,"column":4},"end":{"line":96,"column":16}}},"fnMap":{"0":{"name":"(anonymous_0)","decl":{"start":{"line":5,"column":26},"end":{"line":5,"column":27}},"loc":{"start":{"line":5,"column":53},"end":{"line":14,"column":1}},"line":5},"1":{"name":"(anonymous_1)","decl":{"start":{"line":17,"column":29},"end":{"line":17,"column":30}},"loc":{"start":{"line":17,"column":56},"end":{"line":26,"column":1}},"line":17},"2":{"name":"(anonymous_2)","decl":{"start":{"line":29,"column":22},"end":{"line":29,"column":23}},"loc":{"start":{"line":29,"column":50},"end":{"line":38,"column":1}},"line":29},"3":{"name":"(anonymous_3)","decl":{"start":{"line":41,"column":22},"end":{"line":41,"column":23}},"loc":{"start":{"line":41,"column":50},"end":{"line":50,"column":1}},"line":41},"4":{"name":"(anonymous_4)","decl":{"start":{"line":53,"column":30},"end":{"line":53,"column":31}},"loc":{"start":{"line":53,"column":55},"end":{"line":62,"column":1}},"line":53},"5":{"name":"(anonymous_5)","decl":{"start":{"line":65,"column":25},"end":{"line":65,"column":26}},"loc":{"start":{"line":65,"column":50},"end":{"line":74,"column":1}},"line":65},"6":{"name":"(anonymous_6)","decl":{"start":{"line":77,"column":26},"end":{"line":77,"column":27}},"loc":{"start":{"line":77,"column":48},"end":{"line":86,"column":1}},"line":77},"7":{"name":"(anonymous_7)","decl":{"start":{"line":89,"column":29},"end":{"line":89,"column":30}},"loc":{"start":{"line":89,"column":51},"end":{"line":98,"column":1}},"line":89}},"branchMap":{},"s":{"0":0,"1":0,"2":0,"3":0,"4":0,"5":0,"6":0,"7":0,"8":0,"9":0,"10":0,"11":0,"12":0,"13":0,"14":0,"15":0,"16":0,"17":0,"18":0,"19":0,"20":0,"21":0,"22":0,"23":0,"24":0,"25":0,"26":0,"27":0,"28":0,"29":0,"30":0,"31":0,"32":0,"33":0,"34":0,"35":0,"36":0,"37":0,"38":0,"39":0,"40":0,"41":0,"42":0,"43":0,"44":0,"45":0,"46":0,"47":0,"48":0,"49":0,"50":0,"51":0,"52":0,"53":0,"54":0,"55":0},"f":{"0":0,"1":0,"2":0,"3":0,"4":0,"5":0,"6":0,"7":0},"b":{}}
,"/Users/kwon-ohhyun/Desktop/AllFormU-frontEnd/src/components/Chatbot/BallonChat/index.tsx": {"path":"/Users/kwon-ohhyun/Desktop/AllFormU-frontEnd/src/components/Chatbot/BallonChat/index.tsx","statementMap":{"0":{"start":{"line":5,"column":2},"end":{"line":22,"column":4}}},"fnMap":{"0":{"name":"Ballon","decl":{"start":{"line":4,"column":24},"end":{"line":4,"column":30}},"loc":{"start":{"line":4,"column":62},"end":{"line":23,"column":1}},"line":4}},"branchMap":{"0":{"loc":{"start":{"line":16,"column":7},"end":{"line":20,"column":7}},"type":"binary-expr","locations":[{"start":{"line":16,"column":7},"end":{"line":16,"column":18}},{"start":{"line":17,"column":8},"end":{"line":19,"column":22}}],"line":16}},"s":{"0":0},"f":{"0":0},"b":{"0":[0,0]}}
,"/Users/kwon-ohhyun/Desktop/AllFormU-frontEnd/src/components/Chatbot/BallonChat/styles.tsx": {"path":"/Users/kwon-ohhyun/Desktop/AllFormU-frontEnd/src/components/Chatbot/BallonChat/styles.tsx","statementMap":{"0":{"start":{"line":3,"column":30},"end":{"line":11,"column":1}},"1":{"start":{"line":13,"column":29},"end":{"line":18,"column":1}},"2":{"start":{"line":20,"column":19},"end":{"line":39,"column":1}},"3":{"start":{"line":41,"column":26},"end":{"line":74,"column":1}},"4":{"start":{"line":76,"column":27},"end":{"line":83,"column":1}},"5":{"start":{"line":85,"column":26},"end":{"line":123,"column":1}}},"fnMap":{},"branchMap":{},"s":{"0":0,"1":0,"2":0,"3":0,"4":0,"5":0},"f":{},"b":{}}
,"/Users/kwon-ohhyun/Desktop/AllFormU-frontEnd/src/components/CheckMordal/styles.tsx": {"path":"/Users/kwon-ohhyun/Desktop/AllFormU-frontEnd/src/components/CheckMordal/styles.tsx","statementMap":{"0":{"start":{"line":4,"column":33},"end":{"line":24,"column":1}},"1":{"start":{"line":26,"column":26},"end":{"line":28,"column":1}},"2":{"start":{"line":30,"column":24},"end":{"line":50,"column":1}},"3":{"start":{"line":52,"column":25},"end":{"line":55,"column":1}},"4":{"start":{"line":56,"column":29},"end":{"line":80,"column":1}}},"fnMap":{},"branchMap":{},"s":{"0":0,"1":0,"2":0,"3":0,"4":0},"f":{},"b":{}}
,"/Users/kwon-ohhyun/Desktop/AllFormU-frontEnd/src/components/CheckMordal/IdMordal/index.tsx": {"path":"/Users/kwon-ohhyun/Desktop/AllFormU-frontEnd/src/components/CheckMordal/IdMordal/index.tsx","statementMap":{"0":{"start":{"line":21,"column":26},"end":{"line":21,"column":47}},"1":{"start":{"line":23,"column":28},"end":{"line":25,"column":4}},"2":{"start":{"line":26,"column":20},"end":{"line":26,"column":25}},"3":{"start":{"line":28,"column":31},"end":{"line":28,"column":46}},"4":{"start":{"line":30,"column":19},"end":{"line":37,"column":3}},"5":{"start":{"line":32,"column":19},"end":{"line":32,"column":31}},"6":{"start":{"line":33,"column":6},"end":{"line":33,"column":35}},"7":{"start":{"line":34,"column":6},"end":{"line":34,"column":21}},"8":{"start":{"line":39,"column":46},"end":{"line":39,"column":72}},"9":{"start":{"line":41,"column":18},"end":{"line":44,"column":13}},"10":{"start":{"line":42,"column":16},"end":{"line":42,"column":17}},"11":{"start":{"line":43,"column":4},"end":{"line":43,"column":33}},"12":{"start":{"line":46,"column":2},"end":{"line":50,"column":18}},"13":{"start":{"line":47,"column":4},"end":{"line":49,"column":5}},"14":{"start":{"line":48,"column":6},"end":{"line":48,"column":23}},"15":{"start":{"line":52,"column":2},"end":{"line":91,"column":4}},"16":{"start":{"line":68,"column":62},"end":{"line":68,"column":82}}},"fnMap":{"0":{"name":"IdMordal","decl":{"start":{"line":20,"column":24},"end":{"line":20,"column":32}},"loc":{"start":{"line":20,"column":60},"end":{"line":92,"column":1}},"line":20},"1":{"name":"(anonymous_1)","decl":{"start":{"line":31,"column":4},"end":{"line":31,"column":5}},"loc":{"start":{"line":31,"column":66},"end":{"line":35,"column":5}},"line":31},"2":{"name":"(anonymous_2)","decl":{"start":{"line":41,"column":30},"end":{"line":41,"column":31}},"loc":{"start":{"line":41,"column":36},"end":{"line":44,"column":3}},"line":41},"3":{"name":"(anonymous_3)","decl":{"start":{"line":46,"column":12},"end":{"line":46,"column":13}},"loc":{"start":{"line":46,"column":18},"end":{"line":50,"column":3}},"line":46},"4":{"name":"(anonymous_4)","decl":{"start":{"line":68,"column":24},"end":{"line":68,"column":25}},"loc":{"start":{"line":68,"column":62},"end":{"line":68,"column":82}},"line":68}},"branchMap":{"0":{"loc":{"start":{"line":47,"column":4},"end":{"line":49,"column":5}},"type":"if","locations":[{"start":{"line":47,"column":4},"end":{"line":49,"column":5}},{"start":{},"end":{}}],"line":47},"1":{"loc":{"start":{"line":62,"column":9},"end":{"line":73,"column":9}},"type":"binary-expr","locations":[{"start":{"line":62,"column":9},"end":{"line":62,"column":16}},{"start":{"line":63,"column":10},"end":{"line":72,"column":13}}],"line":62},"2":{"loc":{"start":{"line":75,"column":9},"end":{"line":79,"column":9}},"type":"binary-expr","locations":[{"start":{"line":75,"column":9},"end":{"line":75,"column":16}},{"start":{"line":76,"column":10},"end":{"line":78,"column":19}}],"line":75},"3":{"loc":{"start":{"line":81,"column":9},"end":{"line":88,"column":9}},"type":"binary-expr","locations":[{"start":{"line":81,"column":9},"end":{"line":81,"column":15}},{"start":{"line":82,"column":10},"end":{"line":87,"column":26}}],"line":81}},"s":{"0":0,"1":0,"2":0,"3":0,"4":0,"5":0,"6":0,"7":0,"8":0,"9":0,"10":0,"11":0,"12":0,"13":0,"14":0,"15":0,"16":0},"f":{"0":0,"1":0,"2":0,"3":0,"4":0},"b":{"0":[0,0],"1":[0,0],"2":[0,0],"3":[0,0]}}
,"/Users/kwon-ohhyun/Desktop/AllFormU-frontEnd/src/components/CheckMordal/PasswordMordal/index.tsx": {"path":"/Users/kwon-ohhyun/Desktop/AllFormU-frontEnd/src/components/CheckMordal/PasswordMordal/index.tsx","statementMap":{"0":{"start":{"line":21,"column":19},"end":{"line":21,"column":32}},"1":{"start":{"line":22,"column":41},"end":{"line":22,"column":53}},"2":{"start":{"line":24,"column":26},"end":{"line":24,"column":47}},"3":{"start":{"line":26,"column":28},"end":{"line":28,"column":4}},"4":{"start":{"line":30,"column":15},"end":{"line":30,"column":39}},"5":{"start":{"line":32,"column":23},"end":{"line":32,"column":28}},"6":{"start":{"line":33,"column":28},"end":{"line":33,"column":43}},"7":{"start":{"line":35,"column":19},"end":{"line":42,"column":3}},"8":{"start":{"line":37,"column":19},"end":{"line":37,"column":31}},"9":{"start":{"line":38,"column":6},"end":{"line":38,"column":35}},"10":{"start":{"line":39,"column":6},"end":{"line":39,"column":21}},"11":{"start":{"line":44,"column":26},"end":{"line":50,"column":16}},"12":{"start":{"line":45,"column":4},"end":{"line":49,"column":5}},"13":{"start":{"line":46,"column":6},"end":{"line":46,"column":21}},"14":{"start":{"line":48,"column":6},"end":{"line":48,"column":47}},"15":{"start":{"line":52,"column":2},"end":{"line":56,"column":14}},"16":{"start":{"line":53,"column":4},"end":{"line":55,"column":5}},"17":{"start":{"line":54,"column":6},"end":{"line":54,"column":31}},"18":{"start":{"line":58,"column":2},"end":{"line":85,"column":4}},"19":{"start":{"line":74,"column":60},"end":{"line":74,"column":83}}},"fnMap":{"0":{"name":"PasswordMordal","decl":{"start":{"line":20,"column":24},"end":{"line":20,"column":38}},"loc":{"start":{"line":20,"column":66},"end":{"line":86,"column":1}},"line":20},"1":{"name":"(anonymous_1)","decl":{"start":{"line":36,"column":4},"end":{"line":36,"column":5}},"loc":{"start":{"line":36,"column":66},"end":{"line":40,"column":5}},"line":36},"2":{"name":"(anonymous_2)","decl":{"start":{"line":44,"column":38},"end":{"line":44,"column":39}},"loc":{"start":{"line":44,"column":44},"end":{"line":50,"column":3}},"line":44},"3":{"name":"(anonymous_3)","decl":{"start":{"line":52,"column":12},"end":{"line":52,"column":13}},"loc":{"start":{"line":52,"column":18},"end":{"line":56,"column":3}},"line":52},"4":{"name":"(anonymous_4)","decl":{"start":{"line":74,"column":22},"end":{"line":74,"column":23}},"loc":{"start":{"line":74,"column":60},"end":{"line":74,"column":83}},"line":74}},"branchMap":{"0":{"loc":{"start":{"line":45,"column":4},"end":{"line":49,"column":5}},"type":"if","locations":[{"start":{"line":45,"column":4},"end":{"line":49,"column":5}},{"start":{"line":47,"column":11},"end":{"line":49,"column":5}}],"line":45},"1":{"loc":{"start":{"line":53,"column":4},"end":{"line":55,"column":5}},"type":"if","locations":[{"start":{"line":53,"column":4},"end":{"line":55,"column":5}},{"start":{},"end":{}}],"line":53}},"s":{"0":0,"1":0,"2":0,"3":0,"4":0,"5":0,"6":0,"7":0,"8":0,"9":0,"10":0,"11":0,"12":0,"13":0,"14":0,"15":0,"16":0,"17":0,"18":0,"19":0},"f":{"0":0,"1":0,"2":0,"3":0,"4":0},"b":{"0":[0,0],"1":[0,0]}}
,"/Users/kwon-ohhyun/Desktop/AllFormU-frontEnd/src/components/FixedButton/index.tsx": {"path":"/Users/kwon-ohhyun/Desktop/AllFormU-frontEnd/src/components/FixedButton/index.tsx","statementMap":{"0":{"start":{"line":9,"column":38},"end":{"line":9,"column":53}},"1":{"start":{"line":10,"column":30},"end":{"line":10,"column":53}},"2":{"start":{"line":12,"column":20},"end":{"line":14,"column":8}},"3":{"start":{"line":13,"column":4},"end":{"line":13,"column":20}},"4":{"start":{"line":16,"column":20},"end":{"line":18,"column":8}},"5":{"start":{"line":17,"column":4},"end":{"line":17,"column":24}},"6":{"start":{"line":20,"column":21},"end":{"line":22,"column":8}},"7":{"start":{"line":21,"column":4},"end":{"line":21,"column":25}},"8":{"start":{"line":24,"column":19},"end":{"line":24,"column":32}},"9":{"start":{"line":26,"column":19},"end":{"line":26,"column":32}},"10":{"start":{"line":27,"column":30},"end":{"line":27,"column":45}},"11":{"start":{"line":29,"column":24},"end":{"line":29,"column":67}},"12":{"start":{"line":31,"column":2},"end":{"line":41,"column":26}},"13":{"start":{"line":32,"column":27},"end":{"line":32,"column":89}},"14":{"start":{"line":32,"column":56},"end":{"line":32,"column":88}},"15":{"start":{"line":35,"column":4},"end":{"line":40,"column":5}},"16":{"start":{"line":36,"column":6},"end":{"line":36,"column":23}},"17":{"start":{"line":37,"column":6},"end":{"line":37,"column":13}},"18":{"start":{"line":39,"column":6},"end":{"line":39,"column":22}},"19":{"start":{"line":43,"column":2},"end":{"line":93,"column":4}},"20":{"start":{"line":61,"column":18},"end":{"line":61,"column":40}},"21":{"start":{"line":62,"column":18},"end":{"line":62,"column":31}},"22":{"start":{"line":70,"column":18},"end":{"line":70,"column":39}},"23":{"start":{"line":71,"column":18},"end":{"line":71,"column":31}},"24":{"start":{"line":80,"column":18},"end":{"line":80,"column":30}},"25":{"start":{"line":81,"column":18},"end":{"line":81,"column":31}}},"fnMap":{"0":{"name":"FixedButton","decl":{"start":{"line":8,"column":24},"end":{"line":8,"column":35}},"loc":{"start":{"line":8,"column":38},"end":{"line":94,"column":1}},"line":8},"1":{"name":"(anonymous_1)","decl":{"start":{"line":12,"column":32},"end":{"line":12,"column":33}},"loc":{"start":{"line":12,"column":38},"end":{"line":14,"column":3}},"line":12},"2":{"name":"(anonymous_2)","decl":{"start":{"line":16,"column":32},"end":{"line":16,"column":33}},"loc":{"start":{"line":16,"column":38},"end":{"line":18,"column":3}},"line":16},"3":{"name":"(anonymous_3)","decl":{"start":{"line":20,"column":33},"end":{"line":20,"column":34}},"loc":{"start":{"line":20,"column":39},"end":{"line":22,"column":3}},"line":20},"4":{"name":"(anonymous_4)","decl":{"start":{"line":31,"column":12},"end":{"line":31,"column":13}},"loc":{"start":{"line":31,"column":18},"end":{"line":41,"column":3}},"line":31},"5":{"name":"(anonymous_5)","decl":{"start":{"line":32,"column":46},"end":{"line":32,"column":47}},"loc":{"start":{"line":32,"column":56},"end":{"line":32,"column":88}},"line":32},"6":{"name":"(anonymous_6)","decl":{"start":{"line":60,"column":25},"end":{"line":60,"column":26}},"loc":{"start":{"line":60,"column":31},"end":{"line":63,"column":17}},"line":60},"7":{"name":"(anonymous_7)","decl":{"start":{"line":69,"column":25},"end":{"line":69,"column":26}},"loc":{"start":{"line":69,"column":31},"end":{"line":72,"column":17}},"line":69},"8":{"name":"(anonymous_8)","decl":{"start":{"line":79,"column":25},"end":{"line":79,"column":26}},"loc":{"start":{"line":79,"column":31},"end":{"line":82,"column":17}},"line":79}},"branchMap":{"0":{"loc":{"start":{"line":35,"column":4},"end":{"line":40,"column":5}},"type":"if","locations":[{"start":{"line":35,"column":4},"end":{"line":40,"column":5}},{"start":{"line":38,"column":11},"end":{"line":40,"column":5}}],"line":35},"1":{"loc":{"start":{"line":45,"column":7},"end":{"line":91,"column":7}},"type":"binary-expr","locations":[{"start":{"line":45,"column":7},"end":{"line":45,"column":13}},{"start":{"line":46,"column":8},"end":{"line":90,"column":11}}],"line":45},"2":{"loc":{"start":{"line":47,"column":11},"end":{"line":52,"column":11}},"type":"binary-expr","locations":[{"start":{"line":47,"column":11},"end":{"line":47,"column":22}},{"start":{"line":48,"column":12},"end":{"line":51,"column":26}}],"line":47},"3":{"loc":{"start":{"line":54,"column":11},"end":{"line":88,"column":11}},"type":"binary-expr","locations":[{"start":{"line":54,"column":11},"end":{"line":54,"column":21}},{"start":{"line":55,"column":12},"end":{"line":87,"column":25}}],"line":54},"4":{"loc":{"start":{"line":89,"column":11},"end":{"line":89,"column":34}},"type":"binary-expr","locations":[{"start":{"line":89,"column":11},"end":{"line":89,"column":17}},{"start":{"line":89,"column":21},"end":{"line":89,"column":34}}],"line":89}},"s":{"0":0,"1":0,"2":0,"3":0,"4":0,"5":0,"6":0,"7":0,"8":0,"9":0,"10":0,"11":0,"12":0,"13":0,"14":0,"15":0,"16":0,"17":0,"18":0,"19":0,"20":0,"21":0,"22":0,"23":0,"24":0,"25":0},"f":{"0":0,"1":0,"2":0,"3":0,"4":0,"5":0,"6":0,"7":0,"8":0},"b":{"0":[0,0],"1":[0,0],"2":[0,0],"3":[0,0],"4":[0,0]}}
,"/Users/kwon-ohhyun/Desktop/AllFormU-frontEnd/src/components/FixedButton/styles.tsx": {"path":"/Users/kwon-ohhyun/Desktop/AllFormU-frontEnd/src/components/FixedButton/styles.tsx","statementMap":{"0":{"start":{"line":3,"column":27},"end":{"line":36,"column":1}},"1":{"start":{"line":38,"column":26},"end":{"line":66,"column":1}},"2":{"start":{"line":68,"column":24},"end":{"line":75,"column":1}},"3":{"start":{"line":77,"column":27},"end":{"line":84,"column":1}}},"fnMap":{},"branchMap":{},"s":{"0":0,"1":0,"2":0,"3":0},"f":{},"b":{}}
,"/Users/kwon-ohhyun/Desktop/AllFormU-frontEnd/src/components/Form/DirectResForm/DescriptionRes/index.tsx": {"path":"/Users/kwon-ohhyun/Desktop/AllFormU-frontEnd/src/components/Form/DirectResForm/DescriptionRes/index.tsx","statementMap":{"0":{"start":{"line":30,"column":2},"end":{"line":41,"column":4}}},"fnMap":{"0":{"name":"DescriptionRes","decl":{"start":{"line":29,"column":24},"end":{"line":29,"column":38}},"loc":{"start":{"line":29,"column":87},"end":{"line":42,"column":1}},"line":29}},"branchMap":{"0":{"loc":{"start":{"line":34,"column":9},"end":{"line":34,"column":53}},"type":"binary-expr","locations":[{"start":{"line":34,"column":9},"end":{"line":34,"column":40}},{"start":{"line":34,"column":44},"end":{"line":34,"column":53}}],"line":34},"1":{"loc":{"start":{"line":35,"column":9},"end":{"line":35,"column":51}},"type":"binary-expr","locations":[{"start":{"line":35,"column":9},"end":{"line":35,"column":39}},{"start":{"line":35,"column":43},"end":{"line":35,"column":51}}],"line":35},"2":{"loc":{"start":{"line":36,"column":9},"end":{"line":36,"column":51}},"type":"binary-expr","locations":[{"start":{"line":36,"column":9},"end":{"line":36,"column":39}},{"start":{"line":36,"column":43},"end":{"line":36,"column":51}}],"line":36},"3":{"loc":{"start":{"line":37,"column":9},"end":{"line":37,"column":51}},"type":"binary-expr","locations":[{"start":{"line":37,"column":9},"end":{"line":37,"column":39}},{"start":{"line":37,"column":43},"end":{"line":37,"column":51}}],"line":37},"4":{"loc":{"start":{"line":38,"column":9},"end":{"line":38,"column":51}},"type":"binary-expr","locations":[{"start":{"line":38,"column":9},"end":{"line":38,"column":38}},{"start":{"line":38,"column":42},"end":{"line":38,"column":51}}],"line":38}},"s":{"0":0},"f":{"0":0},"b":{"0":[0,0],"1":[0,0],"2":[0,0],"3":[0,0],"4":[0,0]},"_coverageSchema":"1a1c01bbd47fc00a2c39e90264f33305004495a9","hash":"8ce85dbe868b547b966dd145843edea1aaf22a4c"}
,"/Users/kwon-ohhyun/Desktop/AllFormU-frontEnd/src/components/Form/DirectResForm/DescriptionRes/styles.tsx": {"path":"/Users/kwon-ohhyun/Desktop/AllFormU-frontEnd/src/components/Form/DirectResForm/DescriptionRes/styles.tsx","statementMap":{"0":{"start":{"line":3,"column":37},"end":{"line":3,"column":49}}},"fnMap":{},"branchMap":{},"s":{"0":1},"f":{},"b":{},"_coverageSchema":"1a1c01bbd47fc00a2c39e90264f33305004495a9","hash":"01d4a0fd9b856e6e09dd34710348142c8dc37971"}
,"/Users/kwon-ohhyun/Desktop/AllFormU-frontEnd/src/components/Form/DirectResForm/DescriptionTypes/Date/index.tsx": {"path":"/Users/kwon-ohhyun/Desktop/AllFormU-frontEnd/src/components/Form/DirectResForm/DescriptionTypes/Date/index.tsx","statementMap":{"0":{"start":{"line":7,"column":48},"end":{"line":9,"column":3}},"1":{"start":{"line":8,"column":4},"end":{"line":8,"column":34}},"2":{"start":{"line":10,"column":2},"end":{"line":14,"column":4}}},"fnMap":{"0":{"name":"Date","decl":{"start":{"line":6,"column":24},"end":{"line":6,"column":28}},"loc":{"start":{"line":6,"column":31},"end":{"line":15,"column":1}},"line":6},"1":{"name":"(anonymous_1)","decl":{"start":{"line":7,"column":48},"end":{"line":7,"column":49}},"loc":{"start":{"line":7,"column":70},"end":{"line":9,"column":3}},"line":7}},"branchMap":{},"s":{"0":0,"1":0,"2":0},"f":{"0":0,"1":0},"b":{},"_coverageSchema":"1a1c01bbd47fc00a2c39e90264f33305004495a9","hash":"2498ae3da89822c9a9a32ace9341112e33d1895f"}
,"/Users/kwon-ohhyun/Desktop/AllFormU-frontEnd/src/components/Form/DirectResForm/DescriptionTypes/Date/styles.tsx": {"path":"/Users/kwon-ohhyun/Desktop/AllFormU-frontEnd/src/components/Form/DirectResForm/DescriptionTypes/Date/styles.tsx","statementMap":{"0":{"start":{"line":3,"column":27},"end":{"line":3,"column":39}}},"fnMap":{},"branchMap":{},"s":{"0":1},"f":{},"b":{},"_coverageSchema":"1a1c01bbd47fc00a2c39e90264f33305004495a9","hash":"71e699d13edcdab40e23e192eddb7b93200a220e"}
,"/Users/kwon-ohhyun/Desktop/AllFormU-frontEnd/src/components/Form/DirectResForm/DescriptionTypes/Image/index.tsx": {"path":"/Users/kwon-ohhyun/Desktop/AllFormU-frontEnd/src/components/Form/DirectResForm/DescriptionTypes/Image/index.tsx","statementMap":{"0":{"start":{"line":9,"column":30},"end":{"line":9,"column":48}},"1":{"start":{"line":10,"column":19},"end":{"line":10,"column":40}},"2":{"start":{"line":11,"column":20},"end":{"line":11,"column":21}},"3":{"start":{"line":13,"column":19},"end":{"line":17,"column":3}},"4":{"start":{"line":15,"column":4},"end":{"line":15,"column":43}},"5":{"start":{"line":16,"column":4},"end":{"line":16,"column":36}},"6":{"start":{"line":19,"column":2},"end":{"line":72,"column":4}},"7":{"start":{"line":24,"column":10},"end":{"line":68,"column":16}},"8":{"start":{"line":40,"column":14},"end":{"line":66,"column":20}},"9":{"start":{"line":45,"column":35},"end":{"line":45,"column":55}},"10":{"start":{"line":56,"column":35},"end":{"line":56,"column":55}}},"fnMap":{"0":{"name":"Image","decl":{"start":{"line":8,"column":24},"end":{"line":8,"column":29}},"loc":{"start":{"line":8,"column":32},"end":{"line":73,"column":1}},"line":8},"1":{"name":"(anonymous_1)","decl":{"start":{"line":13,"column":19},"end":{"line":13,"column":20}},"loc":{"start":{"line":13,"column":87},"end":{"line":17,"column":3}},"line":13},"2":{"name":"(anonymous_2)","decl":{"start":{"line":22,"column":9},"end":{"line":22,"column":10}},"loc":{"start":{"line":24,"column":10},"end":{"line":68,"column":16}},"line":24},"3":{"name":"(anonymous_3)","decl":{"start":{"line":39,"column":27},"end":{"line":39,"column":28}},"loc":{"start":{"line":40,"column":14},"end":{"line":66,"column":20}},"line":40},"4":{"name":"(anonymous_4)","decl":{"start":{"line":45,"column":29},"end":{"line":45,"column":30}},"loc":{"start":{"line":45,"column":35},"end":{"line":45,"column":55}},"line":45},"5":{"name":"(anonymous_5)","decl":{"start":{"line":56,"column":29},"end":{"line":56,"column":30}},"loc":{"start":{"line":56,"column":35},"end":{"line":56,"column":55}},"line":56}},"branchMap":{"0":{"loc":{"start":{"line":25,"column":13},"end":{"line":34,"column":13}},"type":"binary-expr","locations":[{"start":{"line":25,"column":13},"end":{"line":25,"column":36}},{"start":{"line":26,"column":14},"end":{"line":33,"column":26}}],"line":25},"1":{"loc":{"start":{"line":28,"column":23},"end":{"line":28,"column":80}},"type":"cond-expr","locations":[{"start":{"line":28,"column":36},"end":{"line":28,"column":68}},{"start":{"line":28,"column":71},"end":{"line":28,"column":80}}],"line":28}},"s":{"0":0,"1":0,"2":0,"3":0,"4":0,"5":0,"6":0,"7":0,"8":0,"9":0,"10":0},"f":{"0":0,"1":0,"2":0,"3":0,"4":0,"5":0},"b":{"0":[0,0],"1":[0,0]},"_coverageSchema":"1a1c01bbd47fc00a2c39e90264f33305004495a9","hash":"4461cc8d0c5ddbccd385b8b7b9e39beabfd0d0d4"}
,"/Users/kwon-ohhyun/Desktop/AllFormU-frontEnd/src/components/Form/DirectResForm/DescriptionTypes/Image/styles.tsx": {"path":"/Users/kwon-ohhyun/Desktop/AllFormU-frontEnd/src/components/Form/DirectResForm/DescriptionTypes/Image/styles.tsx","statementMap":{"0":{"start":{"line":3,"column":28},"end":{"line":11,"column":1}},"1":{"start":{"line":13,"column":25},"end":{"line":21,"column":1}},"2":{"start":{"line":23,"column":19},"end":{"line":25,"column":1}}},"fnMap":{},"branchMap":{},"s":{"0":1,"1":1,"2":1},"f":{},"b":{},"_coverageSchema":"1a1c01bbd47fc00a2c39e90264f33305004495a9","hash":"8832176bbe9f1dbec46d1322694a8903275b86bd"}
,"/Users/kwon-ohhyun/Desktop/AllFormU-frontEnd/src/components/Form/DirectResForm/DescriptionTypes/Long/index.tsx": {"path":"/Users/kwon-ohhyun/Desktop/AllFormU-frontEnd/src/components/Form/DirectResForm/DescriptionTypes/Long/index.tsx","statementMap":{"0":{"start":{"line":6,"column":2},"end":{"line":18,"column":4}},"1":{"start":{"line":13,"column":24},"end":{"line":13,"column":28}}},"fnMap":{"0":{"name":"Long","decl":{"start":{"line":5,"column":24},"end":{"line":5,"column":28}},"loc":{"start":{"line":5,"column":31},"end":{"line":19,"column":1}},"line":5},"1":{"name":"(anonymous_1)","decl":{"start":{"line":13,"column":18},"end":{"line":13,"column":19}},"loc":{"start":{"line":13,"column":24},"end":{"line":13,"column":28}},"line":13}},"branchMap":{},"s":{"0":0,"1":0},"f":{"0":0,"1":0},"b":{},"_coverageSchema":"1a1c01bbd47fc00a2c39e90264f33305004495a9","hash":"8f56f77442faf1ddadbef54a8bd3ef7ce3d58fd0"}
,"/Users/kwon-ohhyun/Desktop/AllFormU-frontEnd/src/components/Form/DirectResForm/DescriptionTypes/Long/styles.tsx": {"path":"/Users/kwon-ohhyun/Desktop/AllFormU-frontEnd/src/components/Form/DirectResForm/DescriptionTypes/Long/styles.tsx","statementMap":{"0":{"start":{"line":3,"column":27},"end":{"line":5,"column":1}}},"fnMap":{},"branchMap":{},"s":{"0":1},"f":{},"b":{},"_coverageSchema":"1a1c01bbd47fc00a2c39e90264f33305004495a9","hash":"33d613d4a993245beeffefedad5f64bd0378b759"}
,"/Users/kwon-ohhyun/Desktop/AllFormU-frontEnd/src/components/Form/DirectResForm/DescriptionTypes/Short/index.tsx": {"path":"/Users/kwon-ohhyun/Desktop/AllFormU-frontEnd/src/components/Form/DirectResForm/DescriptionTypes/Short/index.tsx","statementMap":{"0":{"start":{"line":5,"column":2},"end":{"line":7,"column":4}},"1":{"start":{"line":6,"column":42},"end":{"line":6,"column":46}}},"fnMap":{"0":{"name":"Short","decl":{"start":{"line":4,"column":24},"end":{"line":4,"column":29}},"loc":{"start":{"line":4,"column":32},"end":{"line":8,"column":1}},"line":4},"1":{"name":"(anonymous_1)","decl":{"start":{"line":6,"column":36},"end":{"line":6,"column":37}},"loc":{"start":{"line":6,"column":42},"end":{"line":6,"column":46}},"line":6}},"branchMap":{},"s":{"0":0,"1":0},"f":{"0":0,"1":0},"b":{},"_coverageSchema":"1a1c01bbd47fc00a2c39e90264f33305004495a9","hash":"55c416fb2616b3a1f1e5f1c891652b21173bc321"}
,"/Users/kwon-ohhyun/Desktop/AllFormU-frontEnd/src/components/Form/DirectResForm/DescriptionTypes/Short/styles.tsx": {"path":"/Users/kwon-ohhyun/Desktop/AllFormU-frontEnd/src/components/Form/DirectResForm/DescriptionTypes/Short/styles.tsx","statementMap":{},"fnMap":{},"branchMap":{},"s":{},"f":{},"b":{}}
,"/Users/kwon-ohhyun/Desktop/AllFormU-frontEnd/src/components/Form/DirectResForm/DescriptionTypes/Time/index.tsx": {"path":"/Users/kwon-ohhyun/Desktop/AllFormU-frontEnd/src/components/Form/DirectResForm/DescriptionTypes/Time/index.tsx","statementMap":{"0":{"start":{"line":7,"column":19},"end":{"line":9,"column":3}},"1":{"start":{"line":8,"column":4},"end":{"line":8,"column":34}},"2":{"start":{"line":11,"column":2},"end":{"line":15,"column":4}}},"fnMap":{"0":{"name":"Time","decl":{"start":{"line":6,"column":24},"end":{"line":6,"column":28}},"loc":{"start":{"line":6,"column":31},"end":{"line":16,"column":1}},"line":6},"1":{"name":"(anonymous_1)","decl":{"start":{"line":7,"column":19},"end":{"line":7,"column":20}},"loc":{"start":{"line":7,"column":63},"end":{"line":9,"column":3}},"line":7}},"branchMap":{},"s":{"0":0,"1":0,"2":0},"f":{"0":0,"1":0},"b":{},"_coverageSchema":"1a1c01bbd47fc00a2c39e90264f33305004495a9","hash":"91eb2f55f9f9d7bb677e5ade57f821d1871a2146"}
,"/Users/kwon-ohhyun/Desktop/AllFormU-frontEnd/src/components/Form/DirectResForm/DescriptionTypes/Time/styles.tsx": {"path":"/Users/kwon-ohhyun/Desktop/AllFormU-frontEnd/src/components/Form/DirectResForm/DescriptionTypes/Time/styles.tsx","statementMap":{"0":{"start":{"line":3,"column":27},"end":{"line":3,"column":39}}},"fnMap":{},"branchMap":{},"s":{"0":1},"f":{},"b":{},"_coverageSchema":"1a1c01bbd47fc00a2c39e90264f33305004495a9","hash":"1df9464be3904cd4bb27841f504e0b4dc501704c"}
,"/Users/kwon-ohhyun/Desktop/AllFormU-frontEnd/src/components/Form/DirectResForm/QueTitle/index.tsx": {"path":"/Users/kwon-ohhyun/Desktop/AllFormU-frontEnd/src/components/Form/DirectResForm/QueTitle/index.tsx","statementMap":{"0":{"start":{"line":10,"column":2},"end":{"line":10,"column":57}}},"fnMap":{"0":{"name":"QueTitle","decl":{"start":{"line":9,"column":24},"end":{"line":9,"column":32}},"loc":{"start":{"line":9,"column":50},"end":{"line":11,"column":1}},"line":9}},"branchMap":{},"s":{"0":0},"f":{"0":0},"b":{},"_coverageSchema":"1a1c01bbd47fc00a2c39e90264f33305004495a9","hash":"a36b3eca4ea74ac1f8e100a64d1f77b600d0265e"}
,"/Users/kwon-ohhyun/Desktop/AllFormU-frontEnd/src/components/Form/DirectResForm/QueTitle/styles.tsx": {"path":"/Users/kwon-ohhyun/Desktop/AllFormU-frontEnd/src/components/Form/DirectResForm/QueTitle/styles.tsx","statementMap":{"0":{"start":{"line":3,"column":31},"end":{"line":8,"column":1}}},"fnMap":{},"branchMap":{},"s":{"0":1},"f":{},"b":{},"_coverageSchema":"1a1c01bbd47fc00a2c39e90264f33305004495a9","hash":"0c08ab357e04ed324a6f93f66ef2aa4ecb6f7648"}
,"/Users/kwon-ohhyun/Desktop/AllFormU-frontEnd/src/components/Form/DirectResForm/SelectionRes/index.tsx": {"path":"/Users/kwon-ohhyun/Desktop/AllFormU-frontEnd/src/components/Form/DirectResForm/SelectionRes/index.tsx","statementMap":{"0":{"start":{"line":26,"column":2},"end":{"line":36,"column":4}}},"fnMap":{"0":{"name":"SelectionRes","decl":{"start":{"line":25,"column":24},"end":{"line":25,"column":36}},"loc":{"start":{"line":25,"column":85},"end":{"line":37,"column":1}},"line":25}},"branchMap":{"0":{"loc":{"start":{"line":30,"column":9},"end":{"line":30,"column":65}},"type":"binary-expr","locations":[{"start":{"line":30,"column":9},"end":{"line":30,"column":39}},{"start":{"line":30,"column":43},"end":{"line":30,"column":65}}],"line":30},"1":{"loc":{"start":{"line":31,"column":9},"end":{"line":31,"column":69}},"type":"binary-expr","locations":[{"start":{"line":31,"column":9},"end":{"line":31,"column":41}},{"start":{"line":31,"column":45},"end":{"line":31,"column":69}}],"line":31},"2":{"loc":{"start":{"line":32,"column":9},"end":{"line":32,"column":69}},"type":"binary-expr","locations":[{"start":{"line":32,"column":9},"end":{"line":32,"column":41}},{"start":{"line":32,"column":45},"end":{"line":32,"column":69}}],"line":32},"3":{"loc":{"start":{"line":33,"column":9},"end":{"line":33,"column":65}},"type":"binary-expr","locations":[{"start":{"line":33,"column":9},"end":{"line":33,"column":39}},{"start":{"line":33,"column":43},"end":{"line":33,"column":65}}],"line":33}},"s":{"0":0},"f":{"0":0},"b":{"0":[0,0],"1":[0,0],"2":[0,0],"3":[0,0]},"_coverageSchema":"1a1c01bbd47fc00a2c39e90264f33305004495a9","hash":"b3ca0a85849317bd3dadda35e96f159d58ae4b67"}
,"/Users/kwon-ohhyun/Desktop/AllFormU-frontEnd/src/components/Form/DirectResForm/SelectionRes/styles.tsx": {"path":"/Users/kwon-ohhyun/Desktop/AllFormU-frontEnd/src/components/Form/DirectResForm/SelectionRes/styles.tsx","statementMap":{"0":{"start":{"line":3,"column":35},"end":{"line":3,"column":47}}},"fnMap":{},"branchMap":{},"s":{"0":1},"f":{},"b":{},"_coverageSchema":"1a1c01bbd47fc00a2c39e90264f33305004495a9","hash":"c248a78b16026e91dba15f43ded1795690fbe1d3"}
,"/Users/kwon-ohhyun/Desktop/AllFormU-frontEnd/src/components/Form/DirectResForm/SelectionTypes/CheckBox/index.tsx": {"path":"/Users/kwon-ohhyun/Desktop/AllFormU-frontEnd/src/components/Form/DirectResForm/SelectionTypes/CheckBox/index.tsx","statementMap":{"0":{"start":{"line":11,"column":23},"end":{"line":11,"column":67}},"1":{"start":{"line":11,"column":52},"end":{"line":11,"column":66}},"2":{"start":{"line":13,"column":40},"end":{"line":13,"column":73}},"3":{"start":{"line":15,"column":19},"end":{"line":17,"column":3}},"4":{"start":{"line":16,"column":4},"end":{"line":16,"column":25}},"5":{"start":{"line":19,"column":2},"end":{"line":23,"column":4}}},"fnMap":{"0":{"name":"CheckBox","decl":{"start":{"line":10,"column":24},"end":{"line":10,"column":32}},"loc":{"start":{"line":10,"column":50},"end":{"line":24,"column":1}},"line":10},"1":{"name":"(anonymous_1)","decl":{"start":{"line":11,"column":40},"end":{"line":11,"column":41}},"loc":{"start":{"line":11,"column":52},"end":{"line":11,"column":66}},"line":11},"2":{"name":"(anonymous_2)","decl":{"start":{"line":15,"column":19},"end":{"line":15,"column":20}},"loc":{"start":{"line":15,"column":50},"end":{"line":17,"column":3}},"line":15}},"branchMap":{},"s":{"0":0,"1":0,"2":0,"3":0,"4":0,"5":0},"f":{"0":0,"1":0,"2":0},"b":{},"_coverageSchema":"1a1c01bbd47fc00a2c39e90264f33305004495a9","hash":"cd627e2533009a38f5f687e5ce5542079c579990"}
,"/Users/kwon-ohhyun/Desktop/AllFormU-frontEnd/src/components/Form/DirectResForm/SelectionTypes/CheckBox/styles.tsx": {"path":"/Users/kwon-ohhyun/Desktop/AllFormU-frontEnd/src/components/Form/DirectResForm/SelectionTypes/CheckBox/styles.tsx","statementMap":{"0":{"start":{"line":4,"column":31},"end":{"line":8,"column":1}},"1":{"start":{"line":10,"column":35},"end":{"line":19,"column":1}}},"fnMap":{},"branchMap":{},"s":{"0":1,"1":1},"f":{},"b":{},"_coverageSchema":"1a1c01bbd47fc00a2c39e90264f33305004495a9","hash":"40986b2831734df59f073268f66e6bbb8048efe6"}
,"/Users/kwon-ohhyun/Desktop/AllFormU-frontEnd/src/components/Form/DirectResForm/SelectionTypes/DropDown/index.tsx": {"path":"/Users/kwon-ohhyun/Desktop/AllFormU-frontEnd/src/components/Form/DirectResForm/SelectionTypes/DropDown/index.tsx","statementMap":{"0":{"start":{"line":12,"column":23},"end":{"line":14,"column":4}},"1":{"start":{"line":13,"column":4},"end":{"line":13,"column":60}},"2":{"start":{"line":15,"column":28},"end":{"line":15,"column":59}},"3":{"start":{"line":17,"column":23},"end":{"line":19,"column":3}},"4":{"start":{"line":18,"column":4},"end":{"line":18,"column":20}},"5":{"start":{"line":21,"column":2},"end":{"line":32,"column":4}}},"fnMap":{"0":{"name":"DropDown","decl":{"start":{"line":11,"column":24},"end":{"line":11,"column":32}},"loc":{"start":{"line":11,"column":50},"end":{"line":33,"column":1}},"line":11},"1":{"name":"(anonymous_1)","decl":{"start":{"line":12,"column":40},"end":{"line":12,"column":41}},"loc":{"start":{"line":12,"column":52},"end":{"line":14,"column":3}},"line":12},"2":{"name":"(anonymous_2)","decl":{"start":{"line":17,"column":23},"end":{"line":17,"column":24}},"loc":{"start":{"line":17,"column":42},"end":{"line":19,"column":3}},"line":17}},"branchMap":{},"s":{"0":0,"1":0,"2":0,"3":0,"4":0,"5":0},"f":{"0":0,"1":0,"2":0},"b":{},"_coverageSchema":"1a1c01bbd47fc00a2c39e90264f33305004495a9","hash":"fa317a007a4b74a2277094d7b1671876a16c3f60"}
,"/Users/kwon-ohhyun/Desktop/AllFormU-frontEnd/src/components/Form/DirectResForm/SelectionTypes/DropDown/styles.tsx": {"path":"/Users/kwon-ohhyun/Desktop/AllFormU-frontEnd/src/components/Form/DirectResForm/SelectionTypes/DropDown/styles.tsx","statementMap":{"0":{"start":{"line":3,"column":31},"end":{"line":11,"column":1}}},"fnMap":{},"branchMap":{},"s":{"0":1},"f":{},"b":{},"_coverageSchema":"1a1c01bbd47fc00a2c39e90264f33305004495a9","hash":"3a22a9f8def56460061cc9bb692da2d9484b956e"}
,"/Users/kwon-ohhyun/Desktop/AllFormU-frontEnd/src/components/Form/DirectResForm/SelectionTypes/Linear/index.tsx": {"path":"/Users/kwon-ohhyun/Desktop/AllFormU-frontEnd/src/components/Form/DirectResForm/SelectionTypes/Linear/index.tsx","statementMap":{"0":{"start":{"line":12,"column":2},"end":{"line":22,"column":4}},"1":{"start":{"line":16,"column":10},"end":{"line":18,"column":18}}},"fnMap":{"0":{"name":"Linear","decl":{"start":{"line":11,"column":24},"end":{"line":11,"column":30}},"loc":{"start":{"line":11,"column":48},"end":{"line":23,"column":1}},"line":11},"1":{"name":"(anonymous_1)","decl":{"start":{"line":15,"column":26},"end":{"line":15,"column":27}},"loc":{"start":{"line":16,"column":10},"end":{"line":18,"column":18}},"line":16}},"branchMap":{},"s":{"0":0,"1":0},"f":{"0":0,"1":0},"b":{},"_coverageSchema":"1a1c01bbd47fc00a2c39e90264f33305004495a9","hash":"0608564d6ca58310138b8f037e01cc81743d9105"}
,"/Users/kwon-ohhyun/Desktop/AllFormU-frontEnd/src/components/Form/DirectResForm/SelectionTypes/Linear/styles.tsx": {"path":"/Users/kwon-ohhyun/Desktop/AllFormU-frontEnd/src/components/Form/DirectResForm/SelectionTypes/Linear/styles.tsx","statementMap":{"0":{"start":{"line":4,"column":29},"end":{"line":11,"column":1}},"1":{"start":{"line":13,"column":26},"end":{"line":17,"column":1}}},"fnMap":{},"branchMap":{},"s":{"0":1,"1":1},"f":{},"b":{},"_coverageSchema":"1a1c01bbd47fc00a2c39e90264f33305004495a9","hash":"9b39913fd40c984df8a924b13d91e1ebf654d1b8"}
,"/Users/kwon-ohhyun/Desktop/AllFormU-frontEnd/src/components/Form/DirectResForm/SelectionTypes/Option/index.tsx": {"path":"/Users/kwon-ohhyun/Desktop/AllFormU-frontEnd/src/components/Form/DirectResForm/SelectionTypes/Option/index.tsx","statementMap":{"0":{"start":{"line":11,"column":2},"end":{"line":23,"column":4}},"1":{"start":{"line":16,"column":12},"end":{"line":18,"column":20}}},"fnMap":{"0":{"name":"Option","decl":{"start":{"line":10,"column":24},"end":{"line":10,"column":30}},"loc":{"start":{"line":10,"column":48},"end":{"line":24,"column":1}},"line":10},"1":{"name":"(anonymous_1)","decl":{"start":{"line":15,"column":28},"end":{"line":15,"column":29}},"loc":{"start":{"line":16,"column":12},"end":{"line":18,"column":20}},"line":16}},"branchMap":{},"s":{"0":0,"1":0},"f":{"0":0,"1":0},"b":{},"_coverageSchema":"1a1c01bbd47fc00a2c39e90264f33305004495a9","hash":"c34005d5128c3d612d32aec096c065ed9f94af18"}
,"/Users/kwon-ohhyun/Desktop/AllFormU-frontEnd/src/components/Form/DirectResForm/SelectionTypes/Option/styles.tsx": {"path":"/Users/kwon-ohhyun/Desktop/AllFormU-frontEnd/src/components/Form/DirectResForm/SelectionTypes/Option/styles.tsx","statementMap":{"0":{"start":{"line":3,"column":29},"end":{"line":3,"column":41}},"1":{"start":{"line":5,"column":22},"end":{"line":12,"column":1}}},"fnMap":{},"branchMap":{},"s":{"0":1,"1":1},"f":{},"b":{},"_coverageSchema":"1a1c01bbd47fc00a2c39e90264f33305004495a9","hash":"8bbd7ba05c86154f64bf25916a031671634d3da4"}
,"/Users/kwon-ohhyun/Desktop/AllFormU-frontEnd/src/components/Form/MakeForm/MakeFromModal/index.tsx": {"path":"/Users/kwon-ohhyun/Desktop/AllFormU-frontEnd/src/components/Form/MakeForm/MakeFromModal/index.tsx","statementMap":{"0":{"start":{"line":16,"column":24},"end":{"line":16,"column":34}},"1":{"start":{"line":26,"column":23},"end":{"line":26,"column":48}},"2":{"start":{"line":27,"column":29},"end":{"line":27,"column":53}},"3":{"start":{"line":28,"column":32},"end":{"line":28,"column":53}},"4":{"start":{"line":29,"column":24},"end":{"line":29,"column":47}},"5":{"start":{"line":30,"column":26},"end":{"line":30,"column":48}},"6":{"start":{"line":31,"column":40},"end":{"line":31,"column":55}},"7":{"start":{"line":32,"column":30},"end":{"line":32,"column":42}},"8":{"start":{"line":33,"column":41},"end":{"line":33,"column":53}},"9":{"start":{"line":35,"column":65},"end":{"line":39,"column":4}},"10":{"start":{"line":37,"column":6},"end":{"line":37,"column":22}},"11":{"start":{"line":41,"column":21},"end":{"line":54,"column":57}},"12":{"start":{"line":42,"column":4},"end":{"line":42,"column":34}},"13":{"start":{"line":42,"column":27},"end":{"line":42,"column":34}},"14":{"start":{"line":44,"column":4},"end":{"line":53,"column":5}},"15":{"start":{"line":45,"column":24},"end":{"line":48,"column":8}},"16":{"start":{"line":46,"column":36},"end":{"line":46,"column":40}},"17":{"start":{"line":47,"column":8},"end":{"line":47,"column":20}},"18":{"start":{"line":50,"column":6},"end":{"line":50,"column":64}},"19":{"start":{"line":51,"column":6},"end":{"line":51,"column":24}},"20":{"start":{"line":52,"column":6},"end":{"line":52,"column":18}},"21":{"start":{"line":56,"column":20},"end":{"line":63,"column":12}},"22":{"start":{"line":57,"column":4},"end":{"line":60,"column":5}},"23":{"start":{"line":58,"column":6},"end":{"line":58,"column":47}},"24":{"start":{"line":59,"column":6},"end":{"line":59,"column":13}},"25":{"start":{"line":62,"column":4},"end":{"line":62,"column":25}},"26":{"start":{"line":65,"column":23},"end":{"line":67,"column":8}},"27":{"start":{"line":66,"column":4},"end":{"line":66,"column":26}},"28":{"start":{"line":69,"column":20},"end":{"line":71,"column":11}},"29":{"start":{"line":70,"column":4},"end":{"line":70,"column":17}},"30":{"start":{"line":73,"column":23},"end":{"line":75,"column":11}},"31":{"start":{"line":74,"column":4},"end":{"line":74,"column":18}},"32":{"start":{"line":77,"column":23},"end":{"line":86,"column":3}},"33":{"start":{"line":78,"column":24},"end":{"line":78,"column":46}},"34":{"start":{"line":79,"column":24},"end":{"line":79,"column":49}},"35":{"start":{"line":80,"column":29},"end":{"line":80,"column":43}},"36":{"start":{"line":82,"column":4},"end":{"line":85,"column":6}},"37":{"start":{"line":88,"column":2},"end":{"line":158,"column":4}},"38":{"start":{"line":104,"column":16},"end":{"line":106,"column":110}},"39":{"start":{"line":143,"column":14},"end":{"line":143,"column":26}},"40":{"start":{"line":144,"column":14},"end":{"line":144,"column":27}}},"fnMap":{"0":{"name":"MakeFromModal","decl":{"start":{"line":25,"column":24},"end":{"line":25,"column":37}},"loc":{"start":{"line":25,"column":88},"end":{"line":159,"column":1}},"line":25},"1":{"name":"(anonymous_1)","decl":{"start":{"line":36,"column":15},"end":{"line":36,"column":16}},"loc":{"start":{"line":36,"column":25},"end":{"line":38,"column":5}},"line":36},"2":{"name":"(anonymous_2)","decl":{"start":{"line":41,"column":33},"end":{"line":41,"column":34}},"loc":{"start":{"line":41,"column":39},"end":{"line":54,"column":3}},"line":41},"3":{"name":"(anonymous_3)","decl":{"start":{"line":45,"column":48},"end":{"line":45,"column":49}},"loc":{"start":{"line":45,"column":58},"end":{"line":48,"column":7}},"line":45},"4":{"name":"(anonymous_4)","decl":{"start":{"line":56,"column":32},"end":{"line":56,"column":33}},"loc":{"start":{"line":56,"column":38},"end":{"line":63,"column":3}},"line":56},"5":{"name":"(anonymous_5)","decl":{"start":{"line":65,"column":35},"end":{"line":65,"column":36}},"loc":{"start":{"line":65,"column":41},"end":{"line":67,"column":3}},"line":65},"6":{"name":"(anonymous_6)","decl":{"start":{"line":69,"column":32},"end":{"line":69,"column":33}},"loc":{"start":{"line":69,"column":38},"end":{"line":71,"column":3}},"line":69},"7":{"name":"(anonymous_7)","decl":{"start":{"line":73,"column":35},"end":{"line":73,"column":36}},"loc":{"start":{"line":73,"column":41},"end":{"line":75,"column":3}},"line":73},"8":{"name":"(anonymous_8)","decl":{"start":{"line":77,"column":23},"end":{"line":77,"column":24}},"loc":{"start":{"line":77,"column":54},"end":{"line":86,"column":3}},"line":77},"9":{"name":"(anonymous_9)","decl":{"start":{"line":103,"column":24},"end":{"line":103,"column":25}},"loc":{"start":{"line":103,"column":35},"end":{"line":107,"column":15}},"line":103},"10":{"name":"(anonymous_10)","decl":{"start":{"line":142,"column":21},"end":{"line":142,"column":22}},"loc":{"start":{"line":142,"column":27},"end":{"line":145,"column":13}},"line":142}},"branchMap":{"0":{"loc":{"start":{"line":42,"column":4},"end":{"line":42,"column":34}},"type":"if","locations":[{"start":{"line":42,"column":4},"end":{"line":42,"column":34}},{"start":{},"end":{}}],"line":42},"1":{"loc":{"start":{"line":44,"column":4},"end":{"line":53,"column":5}},"type":"if","locations":[{"start":{"line":44,"column":4},"end":{"line":53,"column":5}},{"start":{},"end":{}}],"line":44},"2":{"loc":{"start":{"line":57,"column":4},"end":{"line":60,"column":5}},"type":"if","locations":[{"start":{"line":57,"column":4},"end":{"line":60,"column":5}},{"start":{},"end":{}}],"line":57},"3":{"loc":{"start":{"line":83,"column":6},"end":{"line":84,"column":86}},"type":"binary-expr","locations":[{"start":{"line":83,"column":6},"end":{"line":83,"column":44}},{"start":{"line":84,"column":7},"end":{"line":84,"column":43}},{"start":{"line":84,"column":47},"end":{"line":84,"column":85}}],"line":83},"4":{"loc":{"start":{"line":104,"column":16},"end":{"line":106,"column":109}},"type":"binary-expr","locations":[{"start":{"line":104,"column":16},"end":{"line":104,"column":26}},{"start":{"line":105,"column":18},"end":{"line":105,"column":28}},{"start":{"line":106,"column":18},"end":{"line":106,"column":109}}],"line":104},"5":{"loc":{"start":{"line":119,"column":23},"end":{"line":119,"column":50}},"type":"cond-expr","locations":[{"start":{"line":119,"column":29},"end":{"line":119,"column":40}},{"start":{"line":119,"column":43},"end":{"line":119,"column":50}}],"line":119},"6":{"loc":{"start":{"line":123,"column":22},"end":{"line":123,"column":56}},"type":"cond-expr","locations":[{"start":{"line":123,"column":28},"end":{"line":123,"column":34}},{"start":{"line":123,"column":37},"end":{"line":123,"column":56}}],"line":123},"7":{"loc":{"start":{"line":130,"column":23},"end":{"line":130,"column":51}},"type":"cond-expr","locations":[{"start":{"line":130,"column":30},"end":{"line":130,"column":41}},{"start":{"line":130,"column":44},"end":{"line":130,"column":51}}],"line":130},"8":{"loc":{"start":{"line":134,"column":22},"end":{"line":134,"column":56}},"type":"cond-expr","locations":[{"start":{"line":134,"column":28},"end":{"line":134,"column":47}},{"start":{"line":134,"column":50},"end":{"line":134,"column":56}}],"line":134}},"s":{"0":0,"1":0,"2":0,"3":0,"4":0,"5":0,"6":0,"7":0,"8":0,"9":0,"10":0,"11":0,"12":0,"13":0,"14":0,"15":0,"16":0,"17":0,"18":0,"19":0,"20":0,"21":0,"22":0,"23":0,"24":0,"25":0,"26":0,"27":0,"28":0,"29":0,"30":0,"31":0,"32":0,"33":0,"34":0,"35":0,"36":0,"37":0,"38":0,"39":0,"40":0},"f":{"0":0,"1":0,"2":0,"3":0,"4":0,"5":0,"6":0,"7":0,"8":0,"9":0,"10":0},"b":{"0":[0,0],"1":[0,0],"2":[0,0],"3":[0,0,0],"4":[0,0,0],"5":[0,0],"6":[0,0],"7":[0,0],"8":[0,0]}}
,"/Users/kwon-ohhyun/Desktop/AllFormU-frontEnd/src/components/Form/MakeForm/MakeFromModal/styles.tsx": {"path":"/Users/kwon-ohhyun/Desktop/AllFormU-frontEnd/src/components/Form/MakeForm/MakeFromModal/styles.tsx","statementMap":{"0":{"start":{"line":4,"column":36},"end":{"line":34,"column":1}},"1":{"start":{"line":36,"column":31},"end":{"line":39,"column":1}},"2":{"start":{"line":41,"column":24},"end":{"line":68,"column":1}},"3":{"start":{"line":70,"column":26},"end":{"line":73,"column":1}}},"fnMap":{},"branchMap":{},"s":{"0":0,"1":0,"2":0,"3":0},"f":{},"b":{}}
,"/Users/kwon-ohhyun/Desktop/AllFormU-frontEnd/src/components/Form/MakeForm/UrlModal/index.tsx": {"path":"/Users/kwon-ohhyun/Desktop/AllFormU-frontEnd/src/components/Form/MakeForm/UrlModal/index.tsx","statementMap":{"0":{"start":{"line":18,"column":27},"end":{"line":18,"column":45}},"1":{"start":{"line":19,"column":27},"end":{"line":19,"column":48}},"2":{"start":{"line":20,"column":19},"end":{"line":20,"column":32}},"3":{"start":{"line":21,"column":14},"end":{"line":21,"column":62}},"4":{"start":{"line":23,"column":30},"end":{"line":25,"column":3}},"5":{"start":{"line":24,"column":4},"end":{"line":24,"column":17}},"6":{"start":{"line":27,"column":23},"end":{"line":29,"column":8}},"7":{"start":{"line":28,"column":4},"end":{"line":28,"column":33}},"8":{"start":{"line":31,"column":2},"end":{"line":60,"column":4}},"9":{"start":{"line":45,"column":27},"end":{"line":45,"column":51}}},"fnMap":{"0":{"name":"UrlModal","decl":{"start":{"line":17,"column":24},"end":{"line":17,"column":32}},"loc":{"start":{"line":17,"column":58},"end":{"line":61,"column":1}},"line":17},"1":{"name":"(anonymous_1)","decl":{"start":{"line":23,"column":30},"end":{"line":23,"column":31}},"loc":{"start":{"line":23,"column":48},"end":{"line":25,"column":3}},"line":23},"2":{"name":"(anonymous_2)","decl":{"start":{"line":27,"column":35},"end":{"line":27,"column":36}},"loc":{"start":{"line":27,"column":41},"end":{"line":29,"column":3}},"line":27},"3":{"name":"(anonymous_3)","decl":{"start":{"line":45,"column":21},"end":{"line":45,"column":22}},"loc":{"start":{"line":45,"column":27},"end":{"line":45,"column":51}},"line":45}},"branchMap":{},"s":{"0":0,"1":0,"2":0,"3":0,"4":0,"5":0,"6":0,"7":0,"8":0,"9":0},"f":{"0":0,"1":0,"2":0,"3":0},"b":{}}
,"/Users/kwon-ohhyun/Desktop/AllFormU-frontEnd/src/components/Form/MakeForm/UrlModal/styles.tsx": {"path":"/Users/kwon-ohhyun/Desktop/AllFormU-frontEnd/src/components/Form/MakeForm/UrlModal/styles.tsx","statementMap":{"0":{"start":{"line":3,"column":26},"end":{"line":28,"column":1}}},"fnMap":{},"branchMap":{},"s":{"0":0},"f":{},"b":{}}
,"/Users/kwon-ohhyun/Desktop/AllFormU-frontEnd/src/components/Form/Questions/FormTitle/index.tsx": {"path":"/Users/kwon-ohhyun/Desktop/AllFormU-frontEnd/src/components/Form/Questions/FormTitle/index.tsx","statementMap":{"0":{"start":{"line":20,"column":26},"end":{"line":20,"column":50}},"1":{"start":{"line":21,"column":48},"end":{"line":21,"column":118}},"2":{"start":{"line":21,"column":66},"end":{"line":21,"column":117}},"3":{"start":{"line":22,"column":41},"end":{"line":22,"column":53}},"4":{"start":{"line":23,"column":30},"end":{"line":23,"column":43}},"5":{"start":{"line":25,"column":48},"end":{"line":25,"column":75}},"6":{"start":{"line":27,"column":2},"end":{"line":27,"column":21}},"7":{"start":{"line":29,"column":2},"end":{"line":33,"column":24}},"8":{"start":{"line":30,"column":4},"end":{"line":32,"column":5}},"9":{"start":{"line":31,"column":6},"end":{"line":31,"column":90}},"10":{"start":{"line":35,"column":18},"end":{"line":37,"column":8}},"11":{"start":{"line":36,"column":4},"end":{"line":36,"column":46}},"12":{"start":{"line":36,"column":27},"end":{"line":36,"column":46}},"13":{"start":{"line":39,"column":24},"end":{"line":44,"column":3}},"14":{"start":{"line":41,"column":6},"end":{"line":41,"column":50}},"15":{"start":{"line":46,"column":26},"end":{"line":51,"column":3}},"16":{"start":{"line":48,"column":6},"end":{"line":48,"column":52}},"17":{"start":{"line":53,"column":17},"end":{"line":63,"column":3}},"18":{"start":{"line":55,"column":6},"end":{"line":55,"column":62}},"19":{"start":{"line":55,"column":55},"end":{"line":55,"column":62}},"20":{"start":{"line":57,"column":6},"end":{"line":59,"column":7}},"21":{"start":{"line":58,"column":8},"end":{"line":58,"column":17}},"22":{"start":{"line":60,"column":6},"end":{"line":60,"column":41}},"23":{"start":{"line":65,"column":2},"end":{"line":89,"column":4}}},"fnMap":{"0":{"name":"FormTitle","decl":{"start":{"line":19,"column":24},"end":{"line":19,"column":33}},"loc":{"start":{"line":19,"column":61},"end":{"line":90,"column":1}},"line":19},"1":{"name":"(anonymous_1)","decl":{"start":{"line":21,"column":60},"end":{"line":21,"column":61}},"loc":{"start":{"line":21,"column":66},"end":{"line":21,"column":117}},"line":21},"2":{"name":"(anonymous_2)","decl":{"start":{"line":29,"column":12},"end":{"line":29,"column":13}},"loc":{"start":{"line":29,"column":18},"end":{"line":33,"column":3}},"line":29},"3":{"name":"(anonymous_3)","decl":{"start":{"line":35,"column":30},"end":{"line":35,"column":31}},"loc":{"start":{"line":35,"column":42},"end":{"line":37,"column":3}},"line":35},"4":{"name":"(anonymous_4)","decl":{"start":{"line":40,"column":4},"end":{"line":40,"column":5}},"loc":{"start":{"line":40,"column":42},"end":{"line":42,"column":5}},"line":40},"5":{"name":"(anonymous_5)","decl":{"start":{"line":47,"column":4},"end":{"line":47,"column":5}},"loc":{"start":{"line":47,"column":45},"end":{"line":49,"column":5}},"line":47},"6":{"name":"(anonymous_6)","decl":{"start":{"line":54,"column":13},"end":{"line":54,"column":14}},"loc":{"start":{"line":54,"column":19},"end":{"line":61,"column":5}},"line":54}},"branchMap":{"0":{"loc":{"start":{"line":30,"column":4},"end":{"line":32,"column":5}},"type":"if","locations":[{"start":{"line":30,"column":4},"end":{"line":32,"column":5}},{"start":{},"end":{}}],"line":30},"1":{"loc":{"start":{"line":30,"column":8},"end":{"line":30,"column":44}},"type":"binary-expr","locations":[{"start":{"line":30,"column":8},"end":{"line":30,"column":13}},{"start":{"line":30,"column":17},"end":{"line":30,"column":44}}],"line":30},"2":{"loc":{"start":{"line":36,"column":4},"end":{"line":36,"column":46}},"type":"if","locations":[{"start":{"line":36,"column":4},"end":{"line":36,"column":46}},{"start":{},"end":{}}],"line":36},"3":{"loc":{"start":{"line":55,"column":6},"end":{"line":55,"column":62}},"type":"if","locations":[{"start":{"line":55,"column":6},"end":{"line":55,"column":62}},{"start":{},"end":{}}],"line":55},"4":{"loc":{"start":{"line":57,"column":6},"end":{"line":59,"column":7}},"type":"if","locations":[{"start":{"line":57,"column":6},"end":{"line":59,"column":7}},{"start":{},"end":{}}],"line":57}},"s":{"0":0,"1":0,"2":0,"3":0,"4":0,"5":0,"6":0,"7":0,"8":0,"9":0,"10":0,"11":0,"12":0,"13":0,"14":0,"15":0,"16":0,"17":0,"18":0,"19":0,"20":0,"21":0,"22":0,"23":0},"f":{"0":0,"1":0,"2":0,"3":0,"4":0,"5":0,"6":0},"b":{"0":[0,0],"1":[0,0],"2":[0,0],"3":[0,0],"4":[0,0]}}
,"/Users/kwon-ohhyun/Desktop/AllFormU-frontEnd/src/components/Form/Questions/FormTitle/styles.tsx": {"path":"/Users/kwon-ohhyun/Desktop/AllFormU-frontEnd/src/components/Form/Questions/FormTitle/styles.tsx","statementMap":{"0":{"start":{"line":3,"column":32},"end":{"line":16,"column":1}},"1":{"start":{"line":18,"column":26},"end":{"line":31,"column":1}}},"fnMap":{},"branchMap":{},"s":{"0":0,"1":0},"f":{},"b":{}}
,"/Users/kwon-ohhyun/Desktop/AllFormU-frontEnd/src/components/Form/Questions/MakeQueBase/index.tsx": {"path":"/Users/kwon-ohhyun/Desktop/AllFormU-frontEnd/src/components/Form/Questions/MakeQueBase/index.tsx","statementMap":{"0":{"start":{"line":68,"column":25},"end":{"line":80,"column":1}},"1":{"start":{"line":83,"column":26},"end":{"line":83,"column":30}},"2":{"start":{"line":84,"column":42},"end":{"line":84,"column":67}},"3":{"start":{"line":85,"column":19},"end":{"line":85,"column":48}},"4":{"start":{"line":86,"column":38},"end":{"line":86,"column":65}},"5":{"start":{"line":87,"column":34},"end":{"line":87,"column":63}},"6":{"start":{"line":88,"column":20},"end":{"line":88,"column":47}},"7":{"start":{"line":89,"column":36},"end":{"line":89,"column":65}},"8":{"start":{"line":90,"column":32},"end":{"line":90,"column":46}},"9":{"start":{"line":91,"column":38},"end":{"line":91,"column":50}},"10":{"start":{"line":92,"column":34},"end":{"line":92,"column":49}},"11":{"start":{"line":93,"column":41},"end":{"line":93,"column":53}},"12":{"start":{"line":94,"column":23},"end":{"line":94,"column":36}},"13":{"start":{"line":95,"column":17},"end":{"line":95,"column":44}},"14":{"start":{"line":97,"column":35},"end":{"line":101,"column":4}},"15":{"start":{"line":98,"column":4},"end":{"line":100,"column":22}},"16":{"start":{"line":99,"column":6},"end":{"line":99,"column":40}},"17":{"start":{"line":100,"column":11},"end":{"line":100,"column":22}},"18":{"start":{"line":103,"column":29},"end":{"line":116,"column":3}},"19":{"start":{"line":105,"column":6},"end":{"line":108,"column":7}},"20":{"start":{"line":106,"column":8},"end":{"line":106,"column":74}},"21":{"start":{"line":107,"column":8},"end":{"line":107,"column":15}},"22":{"start":{"line":110,"column":18},"end":{"line":110,"column":31}},"23":{"start":{"line":112,"column":6},"end":{"line":112,"column":34}},"24":{"start":{"line":113,"column":6},"end":{"line":113,"column":24}},"25":{"start":{"line":118,"column":23},"end":{"line":147,"column":3}},"26":{"start":{"line":120,"column":6},"end":{"line":120,"column":24}},"27":{"start":{"line":121,"column":19},"end":{"line":121,"column":59}},"28":{"start":{"line":122,"column":6},"end":{"line":122,"column":34}},"29":{"start":{"line":124,"column":6},"end":{"line":142,"column":7}},"30":{"start":{"line":125,"column":8},"end":{"line":125,"column":72}},"31":{"start":{"line":126,"column":8},"end":{"line":126,"column":66}},"32":{"start":{"line":127,"column":8},"end":{"line":127,"column":66}},"33":{"start":{"line":128,"column":13},"end":{"line":142,"column":7}},"34":{"start":{"line":129,"column":8},"end":{"line":129,"column":82}},"35":{"start":{"line":130,"column":8},"end":{"line":130,"column":66}},"36":{"start":{"line":131,"column":8},"end":{"line":131,"column":66}},"37":{"start":{"line":132,"column":8},"end":{"line":132,"column":86}},"38":{"start":{"line":134,"column":8},"end":{"line":136,"column":9}},"39":{"start":{"line":135,"column":10},"end":{"line":135,"column":105}},"40":{"start":{"line":135,"column":83},"end":{"line":135,"column":102}},"41":{"start":{"line":137,"column":13},"end":{"line":142,"column":7}},"42":{"start":{"line":138,"column":8},"end":{"line":138,"column":82}},"43":{"start":{"line":139,"column":8},"end":{"line":139,"column":72}},"44":{"start":{"line":140,"column":8},"end":{"line":140,"column":65}},"45":{"start":{"line":141,"column":8},"end":{"line":141,"column":65}},"46":{"start":{"line":144,"column":6},"end":{"line":144,"column":28}},"47":{"start":{"line":149,"column":43},"end":{"line":151,"column":3}},"48":{"start":{"line":150,"column":4},"end":{"line":150,"column":58}},"49":{"start":{"line":153,"column":26},"end":{"line":165,"column":3}},"50":{"start":{"line":155,"column":6},"end":{"line":162,"column":7}},"51":{"start":{"line":156,"column":8},"end":{"line":156,"column":38}},"52":{"start":{"line":157,"column":8},"end":{"line":157,"column":44}},"53":{"start":{"line":159,"column":68},"end":{"line":159,"column":108}},"54":{"start":{"line":160,"column":8},"end":{"line":160,"column":45}},"55":{"start":{"line":161,"column":8},"end":{"line":161,"column":30}},"56":{"start":{"line":167,"column":22},"end":{"line":174,"column":3}},"57":{"start":{"line":169,"column":19},"end":{"line":169,"column":59}},"58":{"start":{"line":170,"column":6},"end":{"line":170,"column":47}},"59":{"start":{"line":171,"column":6},"end":{"line":171,"column":28}},"60":{"start":{"line":176,"column":2},"end":{"line":204,"column":87}},"61":{"start":{"line":177,"column":4},"end":{"line":203,"column":5}},"62":{"start":{"line":178,"column":66},"end":{"line":178,"column":106}},"63":{"start":{"line":179,"column":43},"end":{"line":179,"column":80}},"64":{"start":{"line":180,"column":20},"end":{"line":180,"column":30}},"65":{"start":{"line":182,"column":23},"end":{"line":182,"column":47}},"66":{"start":{"line":183,"column":6},"end":{"line":183,"column":33}},"67":{"start":{"line":184,"column":6},"end":{"line":184,"column":32}},"68":{"start":{"line":187,"column":8},"end":{"line":191,"column":55}},"69":{"start":{"line":193,"column":6},"end":{"line":196,"column":7}},"70":{"start":{"line":194,"column":8},"end":{"line":194,"column":28}},"71":{"start":{"line":195,"column":8},"end":{"line":195,"column":28}},"72":{"start":{"line":198,"column":6},"end":{"line":198,"column":28}},"73":{"start":{"line":199,"column":6},"end":{"line":199,"column":34}},"74":{"start":{"line":200,"column":6},"end":{"line":200,"column":67}},"75":{"start":{"line":201,"column":6},"end":{"line":201,"column":25}},"76":{"start":{"line":202,"column":6},"end":{"line":202,"column":25}},"77":{"start":{"line":206,"column":2},"end":{"line":213,"column":3}},"78":{"start":{"line":207,"column":4},"end":{"line":210,"column":8}},"79":{"start":{"line":208,"column":6},"end":{"line":210,"column":8}},"80":{"start":{"line":211,"column":4},"end":{"line":212,"column":120}},"81":{"start":{"line":212,"column":6},"end":{"line":212,"column":120}},"82":{"start":{"line":215,"column":2},"end":{"line":278,"column":4}},"83":{"start":{"line":218,"column":32},"end":{"line":218,"column":50}},"84":{"start":{"line":221,"column":30},"end":{"line":221,"column":50}},"85":{"start":{"line":263,"column":47},"end":{"line":263,"column":73}}},"fnMap":{"0":{"name":"MakeQueBase","decl":{"start":{"line":82,"column":24},"end":{"line":82,"column":35}},"loc":{"start":{"line":82,"column":94},"end":{"line":279,"column":1}},"line":82},"1":{"name":"(anonymous_1)","decl":{"start":{"line":97,"column":49},"end":{"line":97,"column":50}},"loc":{"start":{"line":97,"column":58},"end":{"line":101,"column":3}},"line":97},"2":{"name":"(anonymous_2)","decl":{"start":{"line":104,"column":4},"end":{"line":104,"column":5}},"loc":{"start":{"line":104,"column":29},"end":{"line":114,"column":5}},"line":104},"3":{"name":"(anonymous_3)","decl":{"start":{"line":119,"column":4},"end":{"line":119,"column":5}},"loc":{"start":{"line":119,"column":62},"end":{"line":145,"column":5}},"line":119},"4":{"name":"(anonymous_4)","decl":{"start":{"line":135,"column":72},"end":{"line":135,"column":73}},"loc":{"start":{"line":135,"column":83},"end":{"line":135,"column":102}},"line":135},"5":{"name":"(anonymous_5)","decl":{"start":{"line":149,"column":55},"end":{"line":149,"column":56}},"loc":{"start":{"line":150,"column":4},"end":{"line":150,"column":58}},"line":150},"6":{"name":"(anonymous_6)","decl":{"start":{"line":154,"column":4},"end":{"line":154,"column":5}},"loc":{"start":{"line":154,"column":26},"end":{"line":163,"column":5}},"line":154},"7":{"name":"(anonymous_7)","decl":{"start":{"line":168,"column":4},"end":{"line":168,"column":5}},"loc":{"start":{"line":168,"column":42},"end":{"line":172,"column":5}},"line":168},"8":{"name":"(anonymous_8)","decl":{"start":{"line":176,"column":12},"end":{"line":176,"column":13}},"loc":{"start":{"line":176,"column":18},"end":{"line":204,"column":3}},"line":176},"9":{"name":"(anonymous_9)","decl":{"start":{"line":218,"column":26},"end":{"line":218,"column":27}},"loc":{"start":{"line":218,"column":32},"end":{"line":218,"column":50}},"line":218},"10":{"name":"(anonymous_10)","decl":{"start":{"line":221,"column":24},"end":{"line":221,"column":25}},"loc":{"start":{"line":221,"column":30},"end":{"line":221,"column":50}},"line":221},"11":{"name":"(anonymous_11)","decl":{"start":{"line":263,"column":28},"end":{"line":263,"column":29}},"loc":{"start":{"line":263,"column":47},"end":{"line":263,"column":73}},"line":263}},"branchMap":{"0":{"loc":{"start":{"line":98,"column":4},"end":{"line":100,"column":22}},"type":"if","locations":[{"start":{"line":98,"column":4},"end":{"line":100,"column":22}},{"start":{"line":100,"column":11},"end":{"line":100,"column":22}}],"line":98},"1":{"loc":{"start":{"line":105,"column":6},"end":{"line":108,"column":7}},"type":"if","locations":[{"start":{"line":105,"column":6},"end":{"line":108,"column":7}},{"start":{},"end":{}}],"line":105},"2":{"loc":{"start":{"line":105,"column":10},"end":{"line":105,"column":65}},"type":"binary-expr","locations":[{"start":{"line":105,"column":10},"end":{"line":105,"column":33}},{"start":{"line":105,"column":37},"end":{"line":105,"column":65}}],"line":105},"3":{"loc":{"start":{"line":124,"column":6},"end":{"line":142,"column":7}},"type":"if","locations":[{"start":{"line":124,"column":6},"end":{"line":142,"column":7}},{"start":{"line":128,"column":13},"end":{"line":142,"column":7}}],"line":124},"4":{"loc":{"start":{"line":125,"column":8},"end":{"line":125,"column":71}},"type":"binary-expr","locations":[{"start":{"line":125,"column":8},"end":{"line":125,"column":35}},{"start":{"line":125,"column":39},"end":{"line":125,"column":71}}],"line":125},"5":{"loc":{"start":{"line":126,"column":8},"end":{"line":126,"column":65}},"type":"binary-expr","locations":[{"start":{"line":126,"column":8},"end":{"line":126,"column":32}},{"start":{"line":126,"column":36},"end":{"line":126,"column":65}}],"line":126},"6":{"loc":{"start":{"line":127,"column":8},"end":{"line":127,"column":65}},"type":"binary-expr","locations":[{"start":{"line":127,"column":8},"end":{"line":127,"column":32}},{"start":{"line":127,"column":36},"end":{"line":127,"column":65}}],"line":127},"7":{"loc":{"start":{"line":128,"column":13},"end":{"line":142,"column":7}},"type":"if","locations":[{"start":{"line":128,"column":13},"end":{"line":142,"column":7}},{"start":{"line":137,"column":13},"end":{"line":142,"column":7}}],"line":128},"8":{"loc":{"start":{"line":129,"column":8},"end":{"line":129,"column":81}},"type":"binary-expr","locations":[{"start":{"line":129,"column":8},"end":{"line":129,"column":40}},{"start":{"line":129,"column":44},"end":{"line":129,"column":81}}],"line":129},"9":{"loc":{"start":{"line":130,"column":8},"end":{"line":130,"column":65}},"type":"binary-expr","locations":[{"start":{"line":130,"column":8},"end":{"line":130,"column":32}},{"start":{"line":130,"column":36},"end":{"line":130,"column":65}}],"line":130},"10":{"loc":{"start":{"line":131,"column":8},"end":{"line":131,"column":65}},"type":"binary-expr","locations":[{"start":{"line":131,"column":8},"end":{"line":131,"column":32}},{"start":{"line":131,"column":36},"end":{"line":131,"column":65}}],"line":131},"11":{"loc":{"start":{"line":132,"column":8},"end":{"line":132,"column":85}},"type":"binary-expr","locations":[{"start":{"line":132,"column":8},"end":{"line":132,"column":34}},{"start":{"line":132,"column":39},"end":{"line":132,"column":84}}],"line":132},"12":{"loc":{"start":{"line":134,"column":8},"end":{"line":136,"column":9}},"type":"if","locations":[{"start":{"line":134,"column":8},"end":{"line":136,"column":9}},{"start":{},"end":{}}],"line":134},"13":{"loc":{"start":{"line":137,"column":13},"end":{"line":142,"column":7}},"type":"if","locations":[{"start":{"line":137,"column":13},"end":{"line":142,"column":7}},{"start":{},"end":{}}],"line":137},"14":{"loc":{"start":{"line":138,"column":8},"end":{"line":138,"column":81}},"type":"binary-expr","locations":[{"start":{"line":138,"column":8},"end":{"line":138,"column":40}},{"start":{"line":138,"column":44},"end":{"line":138,"column":81}}],"line":138},"15":{"loc":{"start":{"line":139,"column":8},"end":{"line":139,"column":71}},"type":"binary-expr","locations":[{"start":{"line":139,"column":8},"end":{"line":139,"column":35}},{"start":{"line":139,"column":39},"end":{"line":139,"column":71}}],"line":139},"16":{"loc":{"start":{"line":140,"column":8},"end":{"line":140,"column":64}},"type":"binary-expr","locations":[{"start":{"line":140,"column":8},"end":{"line":140,"column":31}},{"start":{"line":140,"column":36},"end":{"line":140,"column":63}}],"line":140},"17":{"loc":{"start":{"line":141,"column":8},"end":{"line":141,"column":64}},"type":"binary-expr","locations":[{"start":{"line":141,"column":8},"end":{"line":141,"column":31}},{"start":{"line":141,"column":36},"end":{"line":141,"column":63}}],"line":141},"18":{"loc":{"start":{"line":155,"column":6},"end":{"line":162,"column"
[...]
n":22}},"60":{"start":{"line":144,"column":16},"end":{"line":144,"column":17}},"61":{"start":{"line":145,"column":4},"end":{"line":145,"column":33}},"62":{"start":{"line":148,"column":2},"end":{"line":156,"column":24}},"63":{"start":{"line":149,"column":4},"end":{"line":155,"column":5}},"64":{"start":{"line":150,"column":6},"end":{"line":154,"column":7}},"65":{"start":{"line":151,"column":8},"end":{"line":151,"column":38}},"66":{"start":{"line":152,"column":8},"end":{"line":152,"column":47}},"67":{"start":{"line":153,"column":8},"end":{"line":153,"column":50}},"68":{"start":{"line":158,"column":18},"end":{"line":163,"column":3}},"69":{"start":{"line":159,"column":4},"end":{"line":162,"column":52}},"70":{"start":{"line":160,"column":6},"end":{"line":160,"column":47}},"71":{"start":{"line":161,"column":6},"end":{"line":161,"column":25}},"72":{"start":{"line":162,"column":11},"end":{"line":162,"column":52}},"73":{"start":{"line":165,"column":2},"end":{"line":171,"column":51}},"74":{"start":{"line":166,"column":4},"end":{"line":170,"column":5}},"75":{"start":{"line":167,"column":6},"end":{"line":167,"column":23}},"76":{"start":{"line":169,"column":6},"end":{"line":169,"column":24}},"77":{"start":{"line":173,"column":2},"end":{"line":307,"column":4}},"78":{"start":{"line":188,"column":60},"end":{"line":188,"column":83}},"79":{"start":{"line":204,"column":60},"end":{"line":204,"column":80}},"80":{"start":{"line":234,"column":60},"end":{"line":234,"column":90}},"81":{"start":{"line":250,"column":60},"end":{"line":250,"column":83}},"82":{"start":{"line":277,"column":60},"end":{"line":277,"column":93}}},"fnMap":{"0":{"name":"SignUp","decl":{"start":{"line":20,"column":24},"end":{"line":20,"column":30}},"loc":{"start":{"line":20,"column":33},"end":{"line":308,"column":1}},"line":20},"1":{"name":"(anonymous_1)","decl":{"start":{"line":42,"column":4},"end":{"line":42,"column":5}},"loc":{"start":{"line":42,"column":41},"end":{"line":66,"column":5}},"line":42},"2":{"name":"(anonymous_2)","decl":{"start":{"line":70,"column":12},"end":{"line":70,"column":13}},"loc":{"start":{"line":70,"column":18},"end":{"line":75,"column":3}},"line":70},"3":{"name":"(anonymous_3)","decl":{"start":{"line":78,"column":4},"end":{"line":78,"column":5}},"loc":{"start":{"line":78,"column":66},"end":{"line":83,"column":5}},"line":78},"4":{"name":"(anonymous_4)","decl":{"start":{"line":88,"column":4},"end":{"line":88,"column":5}},"loc":{"start":{"line":88,"column":67},"end":{"line":103,"column":5}},"line":88},"5":{"name":"(anonymous_5)","decl":{"start":{"line":113,"column":15},"end":{"line":113,"column":16}},"loc":{"start":{"line":113,"column":25},"end":{"line":115,"column":5}},"line":113},"6":{"name":"(anonymous_6)","decl":{"start":{"line":118,"column":35},"end":{"line":118,"column":36}},"loc":{"start":{"line":118,"column":41},"end":{"line":125,"column":3}},"line":118},"7":{"name":"(anonymous_7)","decl":{"start":{"line":127,"column":12},"end":{"line":127,"column":13}},"loc":{"start":{"line":127,"column":18},"end":{"line":137,"column":3}},"line":127},"8":{"name":"(anonymous_8)","decl":{"start":{"line":143,"column":34},"end":{"line":143,"column":35}},"loc":{"start":{"line":143,"column":40},"end":{"line":146,"column":3}},"line":143},"9":{"name":"(anonymous_9)","decl":{"start":{"line":148,"column":12},"end":{"line":148,"column":13}},"loc":{"start":{"line":148,"column":18},"end":{"line":156,"column":3}},"line":148},"10":{"name":"(anonymous_10)","decl":{"start":{"line":158,"column":18},"end":{"line":158,"column":19}},"loc":{"start":{"line":158,"column":24},"end":{"line":163,"column":3}},"line":158},"11":{"name":"(anonymous_11)","decl":{"start":{"line":165,"column":12},"end":{"line":165,"column":13}},"loc":{"start":{"line":165,"column":18},"end":{"line":171,"column":3}},"line":165},"12":{"name":"(anonymous_12)","decl":{"start":{"line":188,"column":22},"end":{"line":188,"column":23}},"loc":{"start":{"line":188,"column":60},"end":{"line":188,"column":83}},"line":188},"13":{"name":"(anonymous_13)","decl":{"start":{"line":204,"column":22},"end":{"line":204,"column":23}},"loc":{"start":{"line":204,"column":60},"end":{"line":204,"column":80}},"line":204},"14":{"name":"(anonymous_14)","decl":{"start":{"line":234,"column":22},"end":{"line":234,"column":23}},"loc":{"start":{"line":234,"column":60},"end":{"line":234,"column":90}},"line":234},"15":{"name":"(anonymous_15)","decl":{"start":{"line":250,"column":22},"end":{"line":250,"column":23}},"loc":{"start":{"line":250,"column":60},"end":{"line":250,"column":83}},"line":250},"16":{"name":"(anonymous_16)","decl":{"start":{"line":277,"column":22},"end":{"line":277,"column":23}},"loc":{"start":{"line":277,"column":60},"end":{"line":277,"column":93}},"line":277}},"branchMap":{"0":{"loc":{"start":{"line":45,"column":6},"end":{"line":48,"column":7}},"type":"if","locations":[{"start":{"line":45,"column":6},"end":{"line":48,"column":7}},{"start":{},"end":{}}],"line":45},"1":{"loc":{"start":{"line":50,"column":6},"end":{"line":53,"column":7}},"type":"if","locations":[{"start":{"line":50,"column":6},"end":{"line":53,"column":7}},{"start":{},"end":{}}],"line":50},"2":{"loc":{"start":{"line":55,"column":6},"end":{"line":58,"column":7}},"type":"if","locations":[{"start":{"line":55,"column":6},"end":{"line":58,"column":7}},{"start":{},"end":{}}],"line":55},"3":{"loc":{"start":{"line":60,"column":6},"end":{"line":65,"column":7}},"type":"if","locations":[{"start":{"line":60,"column":6},"end":{"line":65,"column":7}},{"start":{"line":63,"column":13},"end":{"line":65,"column":7}}],"line":60},"4":{"loc":{"start":{"line":71,"column":4},"end":{"line":74,"column":5}},"type":"if","locations":[{"start":{"line":71,"column":4},"end":{"line":74,"column":5}},{"start":{},"end":{}}],"line":71},"5":{"loc":{"start":{"line":92,"column":6},"end":{"line":95,"column":7}},"type":"if","locations":[{"start":{"line":92,"column":6},"end":{"line":95,"column":7}},{"start":{},"end":{}}],"line":92},"6":{"loc":{"start":{"line":97,"column":6},"end":{"line":100,"column":7}},"type":"if","locations":[{"start":{"line":97,"column":6},"end":{"line":100,"column":7}},{"start":{},"end":{}}],"line":97},"7":{"loc":{"start":{"line":119,"column":4},"end":{"line":124,"column":5}},"type":"if","locations":[{"start":{"line":119,"column":4},"end":{"line":124,"column":5}},{"start":{"line":122,"column":11},"end":{"line":124,"column":5}}],"line":119},"8":{"loc":{"start":{"line":128,"column":4},"end":{"line":136,"column":5}},"type":"if","locations":[{"start":{"line":128,"column":4},"end":{"line":136,"column":5}},{"start":{},"end":{}}],"line":128},"9":{"loc":{"start":{"line":129,"column":6},"end":{"line":135,"column":7}},"type":"if","locations":[{"start":{"line":129,"column":6},"end":{"line":135,"column":7}},{"start":{"line":133,"column":13},"end":{"line":135,"column":7}}],"line":129},"10":{"loc":{"start":{"line":129,"column":10},"end":{"line":129,"column":85}},"type":"binary-expr","locations":[{"start":{"line":129,"column":10},"end":{"line":129,"column":41}},{"start":{"line":129,"column":45},"end":{"line":129,"column":85}}],"line":129},"11":{"loc":{"start":{"line":149,"column":4},"end":{"line":155,"column":5}},"type":"if","locations":[{"start":{"line":149,"column":4},"end":{"line":155,"column":5}},{"start":{},"end":{}}],"line":149},"12":{"loc":{"start":{"line":150,"column":6},"end":{"line":154,"column":7}},"type":"if","locations":[{"start":{"line":150,"column":6},"end":{"line":154,"column":7}},{"start":{},"end":{}}],"line":150},"13":{"loc":{"start":{"line":159,"column":4},"end":{"line":162,"column":52}},"type":"if","locations":[{"start":{"line":159,"column":4},"end":{"line":162,"column":52}},{"start":{"line":162,"column":11},"end":{"line":162,"column":52}}],"line":159},"14":{"loc":{"start":{"line":166,"column":4},"end":{"line":170,"column":5}},"type":"if","locations":[{"start":{"line":166,"column":4},"end":{"line":170,"column":5}},{"start":{"line":168,"column":11},"end":{"line":170,"column":5}}],"line":166},"15":{"loc":{"start":{"line":215,"column":9},"end":{"line":226,"column":12}},"type":"binary-expr","locations":[{"start":{"line":215,"column":9},"end":{"line":215,"column":21}},{"start":{"line":216,"column":11},"end":{"line":226,"column":11}}],"line":215},"16":{"loc":{"start":{"line":216,"column":11},"end":{"line":226,"column":11}},"type":"cond-expr","locations":[{"start":{"line":217,"column":12},"end":{"line":220,"column":20}},{"start":{"line":222,"column":12},"end":{"line":225,"column":23}}],"line":216},"17":{"loc":{"start":{"line":216,"column":11},"end":{"line":216,"column":86}},"type":"binary-expr","locations":[{"start":{"line":216,"column":11},"end":{"line":216,"column":42}},{"start":{"line":216,"column":46},"end":{"line":216,"column":86}}],"line":216},"18":{"loc":{"start":{"line":259,"column":9},"end":{"line":270,"column":12}},"type":"binary-expr","locations":[{"start":{"line":259,"column":9},"end":{"line":259,"column":17}},{"start":{"line":260,"column":11},"end":{"line":270,"column":11}}],"line":259},"19":{"loc":{"start":{"line":260,"column":11},"end":{"line":270,"column":11}},"type":"cond-expr","locations":[{"start":{"line":261,"column":12},"end":{"line":264,"column":20}},{"start":{"line":266,"column":12},"end":{"line":269,"column":23}}],"line":260},"20":{"loc":{"start":{"line":286,"column":9},"end":{"line":298,"column":12}},"type":"binary-expr","locations":[{"start":{"line":286,"column":9},"end":{"line":286,"column":17}},{"start":{"line":287,"column":10},"end":{"line":287,"column":33}},{"start":{"line":288,"column":11},"end":{"line":298,"column":11}}],"line":286},"21":{"loc":{"start":{"line":288,"column":11},"end":{"line":298,"column":11}},"type":"cond-expr","locations":[{"start":{"line":289,"column":12},"end":{"line":292,"column":20}},{"start":{"line":294,"column":12},"end":{"line":297,"column":23}}],"line":288}},"s":{"0":0,"1":0,"2":0,"3":0,"4":0,"5":0,"6":0,"7":0,"8":0,"9":0,"10":0,"11":0,"12":0,"13":0,"14":0,"15":0,"16":0,"17":0,"18":0,"19":0,"20":0,"21":0,"22":0,"23":0,"24":0,"25":0,"26":0,"27":0,"28":0,"29":0,"30":0,"31":0,"32":0,"33":0,"34":0,"35":0,"36":0,"37":0,"38":0,"39":0,"40":0,"41":0,"42":0,"43":0,"44":0,"45":0,"46":0,"47":0,"48":0,"49":0,"50":0,"51":0,"52":0,"53":0,"54":0,"55":0,"56":0,"57":0,"58":0,"59":0,"60":0,"61":0,"62":0,"63":0,"64":0,"65":0,"66":0,"67":0,"68":0,"69":0,"70":0,"71":0,"72":0,"73":0,"74":0,"75":0,"76":0,"77":0,"78":0,"79":0,"80":0,"81":0,"82":0},"f":{"0":0,"1":0,"2":0,"3":0,"4":0,"5":0,"6":0,"7":0,"8":0,"9":0,"10":0,"11":0,"12":0,"13":0,"14":0,"15":0,"16":0},"b":{"0":[0,0],"1":[0,0],"2":[0,0],"3":[0,0],"4":[0,0],"5":[0,0],"6":[0,0],"7":[0,0],"8":[0,0],"9":[0,0],"10":[0,0],"11":[0,0],"12":[0,0],"13":[0,0],"14":[0,0],"15":[0,0],"16":[0,0],"17":[0,0],"18":[0,0],"19":[0,0],"20":[0,0,0],"21":[0,0]}}
,"/Users/kwon-ohhyun/Desktop/AllFormU-frontEnd/src/pages/SignUp/styles.tsx": {"path":"/Users/kwon-ohhyun/Desktop/AllFormU-frontEnd/src/pages/SignUp/styles.tsx","statementMap":{"0":{"start":{"line":4,"column":23},"end":{"line":10,"column":1}},"1":{"start":{"line":12,"column":24},"end":{"line":50,"column":1}},"2":{"start":{"line":52,"column":20},"end":{"line":59,"column":1}},"3":{"start":{"line":61,"column":20},"end":{"line":97,"column":1}},"4":{"start":{"line":99,"column":25},"end":{"line":128,"column":1}},"5":{"start":{"line":130,"column":21},"end":{"line":144,"column":1}},"6":{"start":{"line":146,"column":24},"end":{"line":160,"column":1}},"7":{"start":{"line":162,"column":22},"end":{"line":180,"column":1}},"8":{"start":{"line":182,"column":28},"end":{"line":193,"column":1}},"9":{"start":{"line":195,"column":24},"end":{"line":201,"column":1}},"10":{"start":{"line":203,"column":27},"end":{"line":213,"column":1}}},"fnMap":{},"branchMap":{},"s":{"0":0,"1":0,"2":0,"3":0,"4":0,"5":0,"6":0,"7":0,"8":0,"9":0,"10":0},"f":{},"b":{}}
,"/Users/kwon-ohhyun/Desktop/AllFormU-frontEnd/src/recoil/Chatbot/atom.ts": {"path":"/Users/kwon-ohhyun/Desktop/AllFormU-frontEnd/src/recoil/Chatbot/atom.ts","statementMap":{"0":{"start":{"line":4,"column":27},"end":{"line":4,"column":80}},"1":{"start":{"line":5,"column":26},"end":{"line":5,"column":78}}},"fnMap":{},"branchMap":{},"s":{"0":0,"1":0},"f":{},"b":{}}
,"/Users/kwon-ohhyun/Desktop/AllFormU-frontEnd/src/recoil/Color/atom.ts": {"path":"/Users/kwon-ohhyun/Desktop/AllFormU-frontEnd/src/recoil/Color/atom.ts","statementMap":{"0":{"start":{"line":3,"column":21},"end":{"line":6,"column":2}}},"fnMap":{},"branchMap":{},"s":{"0":1},"f":{},"b":{},"_coverageSchema":"1a1c01bbd47fc00a2c39e90264f33305004495a9","hash":"3919e2177e607b0684b713220b98866b40114b4b"}
,"/Users/kwon-ohhyun/Desktop/AllFormU-frontEnd/src/recoil/FormList/atom.ts": {"path":"/Users/kwon-ohhyun/Desktop/AllFormU-frontEnd/src/recoil/FormList/atom.ts","statementMap":{"0":{"start":{"line":5,"column":32},"end":{"line":8,"column":2}},"1":{"start":{"line":10,"column":31},"end":{"line":13,"column":2}}},"fnMap":{},"branchMap":{},"s":{"0":0,"1":0},"f":{},"b":{}}
,"/Users/kwon-ohhyun/Desktop/AllFormU-frontEnd/src/recoil/Gpt/atom.ts": {"path":"/Users/kwon-ohhyun/Desktop/AllFormU-frontEnd/src/recoil/Gpt/atom.ts","statementMap":{"0":{"start":{"line":4,"column":24},"end":{"line":4,"column":70}},"1":{"start":{"line":6,"column":26},"end":{"line":6,"column":69}},"2":{"start":{"line":8,"column":23},"end":{"line":8,"column":65}}},"fnMap":{},"branchMap":{},"s":{"0":0,"1":0,"2":0},"f":{},"b":{}}
,"/Users/kwon-ohhyun/Desktop/AllFormU-frontEnd/src/recoil/MakeForm/atom.ts": {"path":"/Users/kwon-ohhyun/Desktop/AllFormU-frontEnd/src/recoil/MakeForm/atom.ts","statementMap":{"0":{"start":{"line":22,"column":29},"end":{"line":29,"column":2}},"1":{"start":{"line":31,"column":27},"end":{"line":34,"column":2}},"2":{"start":{"line":36,"column":29},"end":{"line":39,"column":2}},"3":{"start":{"line":41,"column":24},"end":{"line":41,"column":96}},"4":{"start":{"line":43,"column":25},"end":{"line":57,"column":2}},"5":{"start":{"line":59,"column":31},"end":{"line":113,"column":2}},"6":{"start":{"line":115,"column":34},"end":{"line":173,"column":2}},"7":{"start":{"line":175,"column":30},"end":{"line":231,"column":2}},"8":{"start":{"line":233,"column":34},"end":{"line":287,"column":2}},"9":{"start":{"line":289,"column":30},"end":{"line":353,"column":2}},"10":{"start":{"line":355,"column":28},"end":{"line":355,"column":82}},"11":{"start":{"line":357,"column":27},"end":{"line":357,"column":78}},"12":{"start":{"line":359,"column":29},"end":{"line":359,"column":75}},"13":{"start":{"line":361,"column":29},"end":{"line":361,"column":113}},"14":{"start":{"line":363,"column":23},"end":{"line":363,"column":63}},"15":{"start":{"line":365,"column":22},"end":{"line":365,"column":68}}},"fnMap":{},"branchMap":{},"s":{"0":1,"1":1,"2":1,"3":1,"4":1,"5":1,"6":1,"7":1,"8":1,"9":1,"10":1,"11":1,"12":1,"13":1,"14":1,"15":1},"f":{},"b":{},"_coverageSchema":"1a1c01bbd47fc00a2c39e90264f33305004495a9","hash":"dedc2750e82ff230c69d043a38c9e6f3f7ad8be3"}
,"/Users/kwon-ohhyun/Desktop/AllFormU-frontEnd/src/recoil/Resform/atom.ts": {"path":"/Users/kwon-ohhyun/Desktop/AllFormU-frontEnd/src/recoil/Resform/atom.ts","statementMap":{"0":{"start":{"line":4,"column":25},"end":{"line":4,"column":100}}},"fnMap":{},"branchMap":{},"s":{"0":0},"f":{},"b":{}}
,"/Users/kwon-ohhyun/Desktop/AllFormU-frontEnd/src/recoil/User/atom.ts": {"path":"/Users/kwon-ohhyun/Desktop/AllFormU-frontEnd/src/recoil/User/atom.ts","statementMap":{"0":{"start":{"line":4,"column":24},"end":{"line":4,"column":115}},"1":{"start":{"line":6,"column":30},"end":{"line":9,"column":2}},"2":{"start":{"line":11,"column":30},"end":{"line":14,"column":2}},"3":{"start":{"line":16,"column":30},"end":{"line":19,"column":2}},"4":{"start":{"line":21,"column":23},"end":{"line":21,"column":95}}},"fnMap":{},"branchMap":{},"s":{"0":0,"1":0,"2":0,"3":0,"4":0},"f":{},"b":{}}
,"/Users/kwon-ohhyun/Desktop/AllFormU-frontEnd/src/typings/chatbot.ts": {"path":"/Users/kwon-ohhyun/Desktop/AllFormU-frontEnd/src/typings/chatbot.ts","statementMap":{},"fnMap":{},"branchMap":{},"s":{},"f":{},"b":{}}
,"/Users/kwon-ohhyun/Desktop/AllFormU-frontEnd/src/typings/getForm.ts": {"path":"/Users/kwon-ohhyun/Desktop/AllFormU-frontEnd/src/typings/getForm.ts","statementMap":{},"fnMap":{},"branchMap":{},"s":{},"f":{},"b":{}}
,"/Users/kwon-ohhyun/Desktop/AllFormU-frontEnd/src/typings/makeForm.ts": {"path":"/Users/kwon-ohhyun/Desktop/AllFormU-frontEnd/src/typings/makeForm.ts","statementMap":{"0":{"start":{"line":1,"column":33},"end":{"line":1,"column":52}},"1":{"start":{"line":2,"column":32},"end":{"line":2,"column":50}},"2":{"start":{"line":3,"column":32},"end":{"line":3,"column":50}},"3":{"start":{"line":4,"column":32},"end":{"line":4,"column":50}},"4":{"start":{"line":5,"column":31},"end":{"line":5,"column":48}},"5":{"start":{"line":6,"column":32},"end":{"line":6,"column":50}},"6":{"start":{"line":7,"column":34},"end":{"line":7,"column":54}},"7":{"start":{"line":8,"column":34},"end":{"line":8,"column":54}},"8":{"start":{"line":9,"column":32},"end":{"line":9,"column":50}},"9":{"start":{"line":10,"column":26},"end":{"line":10,"column":38}},"10":{"start":{"line":11,"column":29},"end":{"line":11,"column":44}}},"fnMap":{},"branchMap":{},"s":{"0":1,"1":1,"2":1,"3":1,"4":1,"5":1,"6":1,"7":1,"8":1,"9":1,"10":1},"f":{},"b":{},"_coverageSchema":"1a1c01bbd47fc00a2c39e90264f33305004495a9","hash":"2a8454eaec0107887c91e46ac567a4399cede431"}
,"/Users/kwon-ohhyun/Desktop/AllFormU-frontEnd/src/typings/resForm.ts": {"path":"/Users/kwon-ohhyun/Desktop/AllFormU-frontEnd/src/typings/resForm.ts","statementMap":{},"fnMap":{},"branchMap":{},"s":{},"f":{},"b":{}}
,"/Users/kwon-ohhyun/Desktop/AllFormU-frontEnd/src/typings/user.ts": {"path":"/Users/kwon-ohhyun/Desktop/AllFormU-frontEnd/src/typings/user.ts","statementMap":{},"fnMap":{},"branchMap":{},"s":{},"f":{},"b":{}}
,"/Users/kwon-ohhyun/Desktop/AllFormU-frontEnd/src/utils/customData.ts": {"path":"/Users/kwon-ohhyun/Desktop/AllFormU-frontEnd/src/utils/customData.ts","statementMap":{"0":{"start":{"line":5,"column":26},"end":{"line":16,"column":1}},"1":{"start":{"line":6,"column":66},"end":{"line":6,"column":68}},"2":{"start":{"line":8,"column":2},"end":{"line":13,"column":5}},"3":{"start":{"line":9,"column":27},"end":{"line":9,"column":30}},"4":{"start":{"line":11,"column":4},"end":{"line":11,"column":70}},"5":{"start":{"line":11,"column":44},"end":{"line":11,"column":70}},"6":{"start":{"line":12,"column":4},"end":{"line":12,"column":58}},"7":{"start":{"line":15,"column":2},"end":{"line":15,"column":18}}},"fnMap":{"0":{"name":"(anonymous_0)","decl":{"start":{"line":5,"column":26},"end":{"line":5,"column":27}},"loc":{"start":{"line":5,"column":49},"end":{"line":16,"column":1}},"line":5},"1":{"name":"(anonymous_1)","decl":{"start":{"line":8,"column":23},"end":{"line":8,"column":24}},"loc":{"start":{"line":8,"column":32},"end":{"line":13,"column":3}},"line":8}},"branchMap":{"0":{"loc":{"start":{"line":11,"column":4},"end":{"line":11,"column":70}},"type":"if","locations":[{"start":{"line":11,"column":4},"end":{"line":11,"column":70}},{"start":{},"end":{}}],"line":11}},"s":{"0":0,"1":0,"2":0,"3":0,"4":0,"5":0,"6":0,"7":0},"f":{"0":0,"1":0},"b":{"0":[0,0]}}
,"/Users/kwon-ohhyun/Desktop/AllFormU-frontEnd/src/utils/linearList.ts": {"path":"/Users/kwon-ohhyun/Desktop/AllFormU-frontEnd/src/utils/linearList.ts","statementMap":{"0":{"start":{"line":2,"column":58},"end":{"line":2,"column":60}},"1":{"start":{"line":4,"column":2},"end":{"line":6,"column":3}},"2":{"start":{"line":4,"column":15},"end":{"line":4,"column":20}},"3":{"start":{"line":5,"column":4},"end":{"line":5,"column":67}},"4":{"start":{"line":7,"column":2},"end":{"line":7,"column":21}}},"fnMap":{"0":{"name":"linearList","decl":{"start":{"line":1,"column":16},"end":{"line":1,"column":26}},"loc":{"start":{"line":1,"column":55},"end":{"line":8,"column":1}},"line":1}},"branchMap":{},"s":{"0":0,"1":0,"2":0,"3":0,"4":0},"f":{"0":0},"b":{},"_coverageSchema":"1a1c01bbd47fc00a2c39e90264f33305004495a9","hash":"da1dfb967881c663a06e76bd24d2ce6d2dbc9f8c"}
}
